{"/Users/apple/Desktop/Project/TheBankApp/src/csstyles.js": {"path":"/Users/apple/Desktop/Project/TheBankApp/src/csstyles.js","statementMap":{"0":{"start":{"line":10,"column":21},"end":{"line":10,"column":58}},"1":{"start":{"line":12,"column":13},"end":{"line":33,"column":1}},"2":{"start":{"line":35,"column":14},"end":{"line":38,"column":1}},"3":{"start":{"line":36,"column":39},"end":{"line":36,"column":77}},"4":{"start":{"line":37,"column":38},"end":{"line":37,"column":79}},"5":{"start":{"line":40,"column":13},"end":{"line":65,"column":2}},"6":{"start":{"line":67,"column":12},"end":{"line":78,"column":2}},"7":{"start":{"line":81,"column":18},"end":{"line":81,"column":51}},"8":{"start":{"line":83,"column":13},"end":{"line":195,"column":2}},"9":{"start":{"line":197,"column":15},"end":{"line":202,"column":2}},"10":{"start":{"line":204,"column":15},"end":{"line":211,"column":2}}},"fnMap":{"0":{"name":"(anonymous_0)","decl":{"start":{"line":36,"column":18},"end":{"line":36,"column":19}},"loc":{"start":{"line":36,"column":39},"end":{"line":36,"column":77}},"line":36},"1":{"name":"(anonymous_1)","decl":{"start":{"line":37,"column":17},"end":{"line":37,"column":18}},"loc":{"start":{"line":37,"column":38},"end":{"line":37,"column":79}},"line":37}},"branchMap":{"0":{"loc":{"start":{"line":25,"column":20},"end":{"line":25,"column":53}},"type":"cond-expr","locations":[{"start":{"line":25,"column":48},"end":{"line":25,"column":49}},{"start":{"line":25,"column":52},"end":{"line":25,"column":53}}],"line":25},"1":{"loc":{"start":{"line":26,"column":16},"end":{"line":26,"column":50}},"type":"cond-expr","locations":[{"start":{"line":26,"column":44},"end":{"line":26,"column":46}},{"start":{"line":26,"column":49},"end":{"line":26,"column":50}}],"line":26},"2":{"loc":{"start":{"line":27,"column":18},"end":{"line":27,"column":53}},"type":"cond-expr","locations":[{"start":{"line":27,"column":46},"end":{"line":27,"column":48}},{"start":{"line":27,"column":51},"end":{"line":27,"column":53}}],"line":27},"3":{"loc":{"start":{"line":28,"column":17},"end":{"line":28,"column":49}},"type":"cond-expr","locations":[{"start":{"line":28,"column":42},"end":{"line":28,"column":44}},{"start":{"line":28,"column":47},"end":{"line":28,"column":49}}],"line":28},"4":{"loc":{"start":{"line":29,"column":22},"end":{"line":29,"column":54}},"type":"cond-expr","locations":[{"start":{"line":29,"column":47},"end":{"line":29,"column":49}},{"start":{"line":29,"column":52},"end":{"line":29,"column":54}}],"line":29},"5":{"loc":{"start":{"line":30,"column":28},"end":{"line":30,"column":60}},"type":"cond-expr","locations":[{"start":{"line":30,"column":53},"end":{"line":30,"column":55}},{"start":{"line":30,"column":58},"end":{"line":30,"column":60}}],"line":30}},"s":{"0":0,"1":0,"2":0,"3":0,"4":0,"5":0,"6":0,"7":0,"8":0,"9":0,"10":0},"f":{"0":0,"1":0},"b":{"0":[0,0],"1":[0,0],"2":[0,0],"3":[0,0],"4":[0,0],"5":[0,0]}}
,"/Users/apple/Desktop/Project/TheBankApp/src/reduxStore.js": {"path":"/Users/apple/Desktop/Project/TheBankApp/src/reduxStore.js","statementMap":{"0":{"start":{"line":12,"column":19},"end":{"line":16,"column":1}},"1":{"start":{"line":13,"column":15},"end":{"line":15,"column":3}},"2":{"start":{"line":18,"column":22},"end":{"line":27,"column":1}},"3":{"start":{"line":29,"column":25},"end":{"line":29,"column":64}},"4":{"start":{"line":31,"column":12},"end":{"line":31,"column":76}},"5":{"start":{"line":31,"column":66},"end":{"line":31,"column":75}},"6":{"start":{"line":32,"column":23},"end":{"line":32,"column":45}},"7":{"start":{"line":33,"column":14},"end":{"line":33,"column":89}},"8":{"start":{"line":34,"column":18},"end":{"line":34,"column":51}},"9":{"start":{"line":35,"column":0},"end":{"line":35,"column":29}},"10":{"start":{"line":38,"column":27},"end":{"line":38,"column":47}},"11":{"start":{"line":38,"column":33},"end":{"line":38,"column":47}},"12":{"start":{"line":40,"column":24},"end":{"line":40,"column":35}},"13":{"start":{"line":40,"column":30},"end":{"line":40,"column":35}}},"fnMap":{"0":{"name":"(anonymous_0)","decl":{"start":{"line":13,"column":5},"end":{"line":13,"column":6}},"loc":{"start":{"line":13,"column":15},"end":{"line":15,"column":3}},"line":13},"1":{"name":"(anonymous_1)","decl":{"start":{"line":31,"column":57},"end":{"line":31,"column":58}},"loc":{"start":{"line":31,"column":66},"end":{"line":31,"column":75}},"line":31},"2":{"name":"(anonymous_2)","decl":{"start":{"line":34,"column":42},"end":{"line":34,"column":43}},"loc":{"start":{"line":34,"column":48},"end":{"line":34,"column":50}},"line":34},"3":{"name":"(anonymous_3)","decl":{"start":{"line":38,"column":27},"end":{"line":38,"column":28}},"loc":{"start":{"line":38,"column":33},"end":{"line":38,"column":47}},"line":38},"4":{"name":"(anonymous_4)","decl":{"start":{"line":40,"column":24},"end":{"line":40,"column":25}},"loc":{"start":{"line":40,"column":30},"end":{"line":40,"column":35}},"line":40}},"branchMap":{},"s":{"0":0,"1":0,"2":0,"3":0,"4":0,"5":0,"6":0,"7":0,"8":0,"9":0,"10":0,"11":0,"12":0,"13":0},"f":{"0":0,"1":0,"2":0,"3":0,"4":0},"b":{}}
,"/Users/apple/Desktop/Project/TheBankApp/src/types.js": {"path":"/Users/apple/Desktop/Project/TheBankApp/src/types.js","statementMap":{},"fnMap":{},"branchMap":{},"s":{},"f":{},"b":{}}
,"/Users/apple/Desktop/Project/TheBankApp/src/actions/auth.actions.js": {"path":"/Users/apple/Desktop/Project/TheBankApp/src/actions/auth.actions.js","statementMap":{"0":{"start":{"line":4,"column":34},"end":{"line":12,"column":1}},"1":{"start":{"line":5,"column":19},"end":{"line":5,"column":32}},"2":{"start":{"line":6,"column":2},"end":{"line":11,"column":4}},"3":{"start":{"line":14,"column":29},"end":{"line":23,"column":1}},"4":{"start":{"line":15,"column":19},"end":{"line":15,"column":32}},"5":{"start":{"line":16,"column":2},"end":{"line":21,"column":4}},"6":{"start":{"line":22,"column":2},"end":{"line":22,"column":37}}},"fnMap":{"0":{"name":"(anonymous_0)","decl":{"start":{"line":4,"column":34},"end":{"line":4,"column":35}},"loc":{"start":{"line":4,"column":52},"end":{"line":12,"column":1}},"line":4},"1":{"name":"(anonymous_1)","decl":{"start":{"line":14,"column":29},"end":{"line":14,"column":30}},"loc":{"start":{"line":14,"column":71},"end":{"line":23,"column":1}},"line":14}},"branchMap":{},"s":{"0":0,"1":0,"2":0,"3":0,"4":0,"5":0,"6":0},"f":{"0":0,"1":0},"b":{}}
,"/Users/apple/Desktop/Project/TheBankApp/src/actions/home.actions.js": {"path":"/Users/apple/Desktop/Project/TheBankApp/src/actions/home.actions.js","statementMap":{"0":{"start":{"line":4,"column":29},"end":{"line":4,"column":44}},"1":{"start":{"line":5,"column":37},"end":{"line":5,"column":60}},"2":{"start":{"line":6,"column":34},"end":{"line":6,"column":54}},"3":{"start":{"line":8,"column":27},"end":{"line":11,"column":2}},"4":{"start":{"line":8,"column":34},"end":{"line":11,"column":1}},"5":{"start":{"line":13,"column":25},"end":{"line":18,"column":2}},"6":{"start":{"line":13,"column":36},"end":{"line":18,"column":1}},"7":{"start":{"line":20,"column":20},"end":{"line":27,"column":1}},"8":{"start":{"line":21,"column":2},"end":{"line":26,"column":4}}},"fnMap":{"0":{"name":"(anonymous_0)","decl":{"start":{"line":8,"column":27},"end":{"line":8,"column":28}},"loc":{"start":{"line":8,"column":34},"end":{"line":11,"column":1}},"line":8},"1":{"name":"(anonymous_1)","decl":{"start":{"line":13,"column":25},"end":{"line":13,"column":26}},"loc":{"start":{"line":13,"column":36},"end":{"line":18,"column":1}},"line":13},"2":{"name":"(anonymous_2)","decl":{"start":{"line":20,"column":20},"end":{"line":20,"column":21}},"loc":{"start":{"line":21,"column":2},"end":{"line":26,"column":4}},"line":21}},"branchMap":{},"s":{"0":0,"1":0,"2":0,"3":0,"4":0,"5":0,"6":0,"7":0,"8":0},"f":{"0":0,"1":0,"2":0},"b":{}}
,"/Users/apple/Desktop/Project/TheBankApp/src/actions/types.js": {"path":"/Users/apple/Desktop/Project/TheBankApp/src/actions/types.js","statementMap":{},"fnMap":{},"branchMap":{},"s":{},"f":{},"b":{}}
,"/Users/apple/Desktop/Project/TheBankApp/src/components/BaseForm/BaseForm.js": {"path":"/Users/apple/Desktop/Project/TheBankApp/src/components/BaseForm/BaseForm.js","statementMap":{"0":{"start":{"line":59,"column":4},"end":{"line":59,"column":25}},"1":{"start":{"line":61,"column":4},"end":{"line":65,"column":5}},"2":{"start":{"line":69,"column":4},"end":{"line":75,"column":5}},"3":{"start":{"line":70,"column":6},"end":{"line":70,"column":100}},"4":{"start":{"line":71,"column":6},"end":{"line":71,"column":100}},"5":{"start":{"line":73,"column":6},"end":{"line":73,"column":99}},"6":{"start":{"line":74,"column":6},"end":{"line":74,"column":99}},"7":{"start":{"line":79,"column":4},"end":{"line":79,"column":73}},"8":{"start":{"line":80,"column":4},"end":{"line":80,"column":73}},"9":{"start":{"line":84,"column":4},"end":{"line":101,"column":5}},"10":{"start":{"line":85,"column":33},"end":{"line":85,"column":38}},"11":{"start":{"line":87,"column":29},"end":{"line":87,"column":50}},"12":{"start":{"line":89,"column":6},"end":{"line":100,"column":8}},"13":{"start":{"line":103,"column":4},"end":{"line":105,"column":6}},"14":{"start":{"line":109,"column":4},"end":{"line":122,"column":5}},"15":{"start":{"line":110,"column":6},"end":{"line":121,"column":8}},"16":{"start":{"line":124,"column":4},"end":{"line":126,"column":6}},"17":{"start":{"line":130,"column":4},"end":{"line":139,"column":5}},"18":{"start":{"line":135,"column":8},"end":{"line":137,"column":11}},"19":{"start":{"line":135,"column":32},"end":{"line":137,"column":9}},"20":{"start":{"line":143,"column":4},"end":{"line":147,"column":6}},"21":{"start":{"line":144,"column":6},"end":{"line":146,"column":9}},"22":{"start":{"line":144,"column":30},"end":{"line":146,"column":7}},"23":{"start":{"line":151,"column":4},"end":{"line":153,"column":6}},"24":{"start":{"line":154,"column":4},"end":{"line":174,"column":5}},"25":{"start":{"line":155,"column":5},"end":{"line":155,"column":25}},"26":{"start":{"line":156,"column":6},"end":{"line":156,"column":27}},"27":{"start":{"line":157,"column":6},"end":{"line":165,"column":15}},"28":{"start":{"line":158,"column":8},"end":{"line":164,"column":9}},"29":{"start":{"line":168,"column":6},"end":{"line":168,"column":45}},"30":{"start":{"line":170,"column":6},"end":{"line":173,"column":8}},"31":{"start":{"line":178,"column":4},"end":{"line":180,"column":6}},"32":{"start":{"line":184,"column":29},"end":{"line":184,"column":39}},"33":{"start":{"line":186,"column":4},"end":{"line":186,"column":33}},"34":{"start":{"line":186,"column":22},"end":{"line":186,"column":33}},"35":{"start":{"line":188,"column":4},"end":{"line":199,"column":5}},"36":{"start":{"line":203,"column":4},"end":{"line":209,"column":11}},"37":{"start":{"line":213,"column":29},"end":{"line":213,"column":39}},"38":{"start":{"line":215,"column":22},"end":{"line":215,"column":68}},"39":{"start":{"line":216,"column":4},"end":{"line":249,"column":5}},"40":{"start":{"line":238,"column":12},"end":{"line":238,"column":33}}},"fnMap":{"0":{"name":"(anonymous_0)","decl":{"start":{"line":58,"column":2},"end":{"line":58,"column":3}},"loc":{"start":{"line":58,"column":68},"end":{"line":66,"column":3}},"line":58},"1":{"name":"(anonymous_1)","decl":{"start":{"line":68,"column":2},"end":{"line":68,"column":3}},"loc":{"start":{"line":68,"column":22},"end":{"line":76,"column":3}},"line":68},"2":{"name":"(anonymous_2)","decl":{"start":{"line":78,"column":2},"end":{"line":78,"column":3}},"loc":{"start":{"line":78,"column":25},"end":{"line":81,"column":3}},"line":78},"3":{"name":"(anonymous_3)","decl":{"start":{"line":83,"column":21},"end":{"line":83,"column":22}},"loc":{"start":{"line":83,"column":37},"end":{"line":106,"column":3}},"line":83},"4":{"name":"(anonymous_4)","decl":{"start":{"line":108,"column":21},"end":{"line":108,"column":22}},"loc":{"start":{"line":108,"column":27},"end":{"line":127,"column":3}},"line":108},"5":{"name":"(anonymous_5)","decl":{"start":{"line":129,"column":18},"end":{"line":129,"column":19}},"loc":{"start":{"line":129,"column":51},"end":{"line":140,"column":3}},"line":129},"6":{"name":"(anonymous_6)","decl":{"start":{"line":134,"column":6},"end":{"line":134,"column":7}},"loc":{"start":{"line":134,"column":12},"end":{"line":138,"column":7}},"line":134},"7":{"name":"(anonymous_7)","decl":{"start":{"line":135,"column":22},"end":{"line":135,"column":23}},"loc":{"start":{"line":135,"column":32},"end":{"line":137,"column":9}},"line":135},"8":{"name":"(anonymous_8)","decl":{"start":{"line":142,"column":19},"end":{"line":142,"column":20}},"loc":{"start":{"line":142,"column":52},"end":{"line":148,"column":3}},"line":142},"9":{"name":"(anonymous_9)","decl":{"start":{"line":143,"column":24},"end":{"line":143,"column":25}},"loc":{"start":{"line":143,"column":30},"end":{"line":147,"column":5}},"line":143},"10":{"name":"(anonymous_10)","decl":{"start":{"line":144,"column":20},"end":{"line":144,"column":21}},"loc":{"start":{"line":144,"column":30},"end":{"line":146,"column":7}},"line":144},"11":{"name":"(anonymous_11)","decl":{"start":{"line":150,"column":11},"end":{"line":150,"column":12}},"loc":{"start":{"line":150,"column":23},"end":{"line":175,"column":3}},"line":150},"12":{"name":"(anonymous_12)","decl":{"start":{"line":157,"column":17},"end":{"line":157,"column":18}},"loc":{"start":{"line":157,"column":23},"end":{"line":165,"column":7}},"line":157},"13":{"name":"(anonymous_13)","decl":{"start":{"line":177,"column":13},"end":{"line":177,"column":14}},"loc":{"start":{"line":177,"column":19},"end":{"line":181,"column":3}},"line":177},"14":{"name":"(anonymous_14)","decl":{"start":{"line":183,"column":14},"end":{"line":183,"column":15}},"loc":{"start":{"line":183,"column":20},"end":{"line":200,"column":3}},"line":183},"15":{"name":"(anonymous_15)","decl":{"start":{"line":202,"column":15},"end":{"line":202,"column":16}},"loc":{"start":{"line":203,"column":4},"end":{"line":209,"column":11}},"line":203},"16":{"name":"(anonymous_16)","decl":{"start":{"line":212,"column":2},"end":{"line":212,"column":3}},"loc":{"start":{"line":212,"column":11},"end":{"line":250,"column":3}},"line":212},"17":{"name":"(anonymous_17)","decl":{"start":{"line":237,"column":15},"end":{"line":237,"column":16}},"loc":{"start":{"line":237,"column":24},"end":{"line":239,"column":11}},"line":237}},"branchMap":{"0":{"loc":{"start":{"line":69,"column":4},"end":{"line":75,"column":5}},"type":"if","locations":[{"start":{"line":69,"column":4},"end":{"line":75,"column":5}},{"start":{"line":69,"column":4},"end":{"line":75,"column":5}}],"line":69},"1":{"loc":{"start":{"line":79,"column":4},"end":{"line":79,"column":73}},"type":"binary-expr","locations":[{"start":{"line":79,"column":4},"end":{"line":79,"column":32}},{"start":{"line":79,"column":36},"end":{"line":79,"column":73}}],"line":79},"2":{"loc":{"start":{"line":80,"column":4},"end":{"line":80,"column":73}},"type":"binary-expr","locations":[{"start":{"line":80,"column":4},"end":{"line":80,"column":32}},{"start":{"line":80,"column":36},"end":{"line":80,"column":73}}],"line":80},"3":{"loc":{"start":{"line":84,"column":4},"end":{"line":101,"column":5}},"type":"if","locations":[{"start":{"line":84,"column":4},"end":{"line":101,"column":5}},{"start":{"line":84,"column":4},"end":{"line":101,"column":5}}],"line":84},"4":{"loc":{"start":{"line":109,"column":4},"end":{"line":122,"column":5}},"type":"if","locations":[{"start":{"line":109,"column":4},"end":{"line":122,"column":5}},{"start":{"line":109,"column":4},"end":{"line":122,"column":5}}],"line":109},"5":{"loc":{"start":{"line":136,"column":34},"end":{"line":136,"column":59}},"type":"binary-expr","locations":[{"start":{"line":136,"column":34},"end":{"line":136,"column":53}},{"start":{"line":136,"column":57},"end":{"line":136,"column":59}}],"line":136},"6":{"loc":{"start":{"line":145,"column":32},"end":{"line":145,"column":57}},"type":"binary-expr","locations":[{"start":{"line":145,"column":32},"end":{"line":145,"column":51}},{"start":{"line":145,"column":55},"end":{"line":145,"column":57}}],"line":145},"7":{"loc":{"start":{"line":186,"column":4},"end":{"line":186,"column":33}},"type":"if","locations":[{"start":{"line":186,"column":4},"end":{"line":186,"column":33}},{"start":{"line":186,"column":4},"end":{"line":186,"column":33}}],"line":186},"8":{"loc":{"start":{"line":205,"column":48},"end":{"line":205,"column":78}},"type":"cond-expr","locations":[{"start":{"line":205,"column":61},"end":{"line":205,"column":73}},{"start":{"line":205,"column":76},"end":{"line":205,"column":78}}],"line":205},"9":{"loc":{"start":{"line":206,"column":47},"end":{"line":206,"column":89}},"type":"cond-expr","locations":[{"start":{"line":206,"column":66},"end":{"line":206,"column":84}},{"start":{"line":206,"column":87},"end":{"line":206,"column":89}}],"line":206},"10":{"loc":{"start":{"line":207,"column":9},"end":{"line":207,"column":49}},"type":"binary-expr","locations":[{"start":{"line":207,"column":9},"end":{"line":207,"column":26}},{"start":{"line":207,"column":30},"end":{"line":207,"column":49}}],"line":207},"11":{"loc":{"start":{"line":215,"column":22},"end":{"line":215,"column":68}},"type":"cond-expr","locations":[{"start":{"line":215,"column":42},"end":{"line":215,"column":61}},{"start":{"line":215,"column":64},"end":{"line":215,"column":68}}],"line":215},"12":{"loc":{"start":{"line":218,"column":9},"end":{"line":228,"column":9}},"type":"binary-expr","locations":[{"start":{"line":218,"column":9},"end":{"line":218,"column":18}},{"start":{"line":219,"column":10},"end":{"line":227,"column":12}}],"line":218},"13":{"loc":{"start":{"line":242,"column":19},"end":{"line":242,"column":99}},"type":"cond-expr","locations":[{"start":{"line":242,"column":34},"end":{"line":242,"column":72}},{"start":{"line":242,"column":75},"end":{"line":242,"column":99}}],"line":242}},"s":{"0":0,"1":0,"2":0,"3":0,"4":0,"5":0,"6":0,"7":0,"8":0,"9":0,"10":0,"11":0,"12":0,"13":0,"14":0,"15":0,"16":0,"17":0,"18":0,"19":0,"20":0,"21":0,"22":0,"23":0,"24":0,"25":0,"26":0,"27":0,"28":0,"29":0,"30":0,"31":0,"32":0,"33":0,"34":0,"35":0,"36":0,"37":0,"38":0,"39":0,"40":0},"f":{"0":0,"1":0,"2":0,"3":0,"4":0,"5":0,"6":0,"7":0,"8":0,"9":0,"10":0,"11":0,"12":0,"13":0,"14":0,"15":0,"16":0,"17":0},"b":{"0":[0,0],"1":[0,0],"2":[0,0],"3":[0,0],"4":[0,0],"5":[0,0],"6":[0,0],"7":[0,0],"8":[0,0],"9":[0,0],"10":[0,0],"11":[0,0],"12":[0,0],"13":[0,0]}}
,"/Users/apple/Desktop/Project/TheBankApp/src/components/BaseForm/baseFormStyles.js": {"path":"/Users/apple/Desktop/Project/TheBankApp/src/components/BaseForm/baseFormStyles.js","statementMap":{"0":{"start":{"line":10,"column":15},"end":{"line":10,"column":18}},"1":{"start":{"line":12,"column":0},"end":{"line":16,"column":1}},"2":{"start":{"line":13,"column":2},"end":{"line":13,"column":15}},"3":{"start":{"line":14,"column":7},"end":{"line":16,"column":1}},"4":{"start":{"line":15,"column":2},"end":{"line":15,"column":16}},"5":{"start":{"line":18,"column":23},"end":{"line":75,"column":2}}},"fnMap":{},"branchMap":{"0":{"loc":{"start":{"line":12,"column":0},"end":{"line":16,"column":1}},"type":"if","locations":[{"start":{"line":12,"column":0},"end":{"line":16,"column":1}},{"start":{"line":12,"column":0},"end":{"line":16,"column":1}}],"line":12},"1":{"loc":{"start":{"line":14,"column":7},"end":{"line":16,"column":1}},"type":"if","locations":[{"start":{"line":14,"column":7},"end":{"line":16,"column":1}},{"start":{"line":14,"column":7},"end":{"line":16,"column":1}}],"line":14}},"s":{"0":0,"1":0,"2":0,"3":0,"4":0,"5":0},"f":{},"b":{"0":[0,0],"1":[0,0]}}
,"/Users/apple/Desktop/Project/TheBankApp/src/components/Button/CSBackButton/CSBackButton.js": {"path":"/Users/apple/Desktop/Project/TheBankApp/src/components/Button/CSBackButton/CSBackButton.js","statementMap":{"0":{"start":{"line":18,"column":21},"end":{"line":35,"column":1}},"1":{"start":{"line":19,"column":75},"end":{"line":19,"column":80}},"2":{"start":{"line":21,"column":19},"end":{"line":21,"column":89}},"3":{"start":{"line":23,"column":2},"end":{"line":34,"column":3}},"4":{"start":{"line":26,"column":22},"end":{"line":26,"column":89}},"5":{"start":{"line":37,"column":15},"end":{"line":57,"column":2}}},"fnMap":{"0":{"name":"(anonymous_0)","decl":{"start":{"line":18,"column":21},"end":{"line":18,"column":22}},"loc":{"start":{"line":18,"column":39},"end":{"line":35,"column":1}},"line":18},"1":{"name":"(anonymous_1)","decl":{"start":{"line":26,"column":15},"end":{"line":26,"column":16}},"loc":{"start":{"line":26,"column":22},"end":{"line":26,"column":89}},"line":26}},"branchMap":{"0":{"loc":{"start":{"line":21,"column":19},"end":{"line":21,"column":89}},"type":"cond-expr","locations":[{"start":{"line":21,"column":65},"end":{"line":21,"column":72}},{"start":{"line":21,"column":75},"end":{"line":21,"column":89}}],"line":21},"1":{"loc":{"start":{"line":21,"column":19},"end":{"line":21,"column":62}},"type":"binary-expr","locations":[{"start":{"line":21,"column":19},"end":{"line":21,"column":33}},{"start":{"line":21,"column":37},"end":{"line":21,"column":62}}],"line":21},"2":{"loc":{"start":{"line":26,"column":22},"end":{"line":26,"column":89}},"type":"cond-expr","locations":[{"start":{"line":26,"column":32},"end":{"line":26,"column":41}},{"start":{"line":26,"column":44},"end":{"line":26,"column":89}}],"line":26},"3":{"loc":{"start":{"line":27,"column":30},"end":{"line":27,"column":72}},"type":"cond-expr","locations":[{"start":{"line":27,"column":42},"end":{"line":27,"column":65}},{"start":{"line":27,"column":68},"end":{"line":27,"column":72}}],"line":27},"4":{"loc":{"start":{"line":31,"column":29},"end":{"line":31,"column":75}},"type":"cond-expr","locations":[{"start":{"line":31,"column":52},"end":{"line":31,"column":68}},{"start":{"line":31,"column":71},"end":{"line":31,"column":75}}],"line":31}},"s":{"0":0,"1":0,"2":0,"3":0,"4":0,"5":0},"f":{"0":0,"1":0},"b":{"0":[0,0],"1":[0,0],"2":[0,0],"3":[0,0],"4":[0,0]}}
,"/Users/apple/Desktop/Project/TheBankApp/src/components/Button/CSButton/CSButton.js": {"path":"/Users/apple/Desktop/Project/TheBankApp/src/components/Button/CSButton/CSButton.js","statementMap":{"0":{"start":{"line":25,"column":17},"end":{"line":72,"column":1}},"1":{"start":{"line":36,"column":19},"end":{"line":36,"column":31}},"2":{"start":{"line":37,"column":20},"end":{"line":37,"column":42}},"3":{"start":{"line":39,"column":2},"end":{"line":71,"column":3}},"4":{"start":{"line":74,"column":15},"end":{"line":134,"column":2}}},"fnMap":{"0":{"name":"(anonymous_0)","decl":{"start":{"line":25,"column":17},"end":{"line":25,"column":18}},"loc":{"start":{"line":35,"column":13},"end":{"line":72,"column":1}},"line":35}},"branchMap":{"0":{"loc":{"start":{"line":44,"column":8},"end":{"line":44,"column":39}},"type":"binary-expr","locations":[{"start":{"line":44,"column":8},"end":{"line":44,"column":16}},{"start":{"line":44,"column":20},"end":{"line":44,"column":39}}],"line":44},"1":{"loc":{"start":{"line":47,"column":8},"end":{"line":51,"column":16}},"type":"cond-expr","locations":[{"start":{"line":48,"column":12},"end":{"line":50,"column":11}},{"start":{"line":51,"column":12},"end":{"line":51,"column":16}}],"line":47},"2":{"loc":{"start":{"line":56,"column":7},"end":{"line":58,"column":7}},"type":"binary-expr","locations":[{"start":{"line":56,"column":7},"end":{"line":56,"column":16}},{"start":{"line":56,"column":20},"end":{"line":56,"column":25}},{"start":{"line":57,"column":8},"end":{"line":57,"column":79}}],"line":56},"3":{"loc":{"start":{"line":59,"column":7},"end":{"line":69,"column":7}},"type":"binary-expr","locations":[{"start":{"line":59,"column":7},"end":{"line":59,"column":15}},{"start":{"line":60,"column":8},"end":{"line":68,"column":15}}],"line":59},"4":{"loc":{"start":{"line":63,"column":12},"end":{"line":63,"column":52}},"type":"binary-expr","locations":[{"start":{"line":63,"column":12},"end":{"line":63,"column":20}},{"start":{"line":63,"column":24},"end":{"line":63,"column":52}}],"line":63}},"s":{"0":0,"1":0,"2":0,"3":0,"4":0},"f":{"0":0},"b":{"0":[0,0],"1":[0,0],"2":[0,0,0],"3":[0,0],"4":[0,0]}}
,"/Users/apple/Desktop/Project/TheBankApp/src/components/Dashboard/Dashboard.js": {"path":"/Users/apple/Desktop/Project/TheBankApp/src/components/Dashboard/Dashboard.js","statementMap":{"0":{"start":{"line":16,"column":64},"end":{"line":19,"column":3}},"1":{"start":{"line":18,"column":27},"end":{"line":18,"column":94}},"2":{"start":{"line":24,"column":4},"end":{"line":33,"column":5}}},"fnMap":{"0":{"name":"(anonymous_0)","decl":{"start":{"line":16,"column":29},"end":{"line":16,"column":30}},"loc":{"start":{"line":16,"column":64},"end":{"line":19,"column":3}},"line":16},"1":{"name":"(anonymous_1)","decl":{"start":{"line":18,"column":16},"end":{"line":18,"column":17}},"loc":{"start":{"line":18,"column":27},"end":{"line":18,"column":94}},"line":18},"2":{"name":"(anonymous_2)","decl":{"start":{"line":21,"column":2},"end":{"line":21,"column":3}},"loc":{"start":{"line":21,"column":11},"end":{"line":34,"column":3}},"line":21}},"branchMap":{},"s":{"0":0,"1":0,"2":0},"f":{"0":0,"1":0,"2":0},"b":{}}
,"/Users/apple/Desktop/Project/TheBankApp/src/components/DialCodeInput/DialCodeInput.js": {"path":"/Users/apple/Desktop/Project/TheBankApp/src/components/DialCodeInput/DialCodeInput.js","statementMap":{"0":{"start":{"line":29,"column":4},"end":{"line":31,"column":6}},"1":{"start":{"line":35,"column":25},"end":{"line":35,"column":35}},"2":{"start":{"line":37,"column":4},"end":{"line":39,"column":6}},"3":{"start":{"line":41,"column":4},"end":{"line":41,"column":35}},"4":{"start":{"line":45,"column":71},"end":{"line":45,"column":81}},"5":{"start":{"line":46,"column":30},"end":{"line":46,"column":40}},"6":{"start":{"line":48,"column":4},"end":{"line":77,"column":5}},"7":{"start":{"line":81,"column":15},"end":{"line":120,"column":2}}},"fnMap":{"0":{"name":"(anonymous_0)","decl":{"start":{"line":28,"column":12},"end":{"line":28,"column":13}},"loc":{"start":{"line":28,"column":18},"end":{"line":32,"column":3}},"line":28},"1":{"name":"(anonymous_1)","decl":{"start":{"line":34,"column":13},"end":{"line":34,"column":14}},"loc":{"start":{"line":34,"column":56},"end":{"line":42,"column":3}},"line":34},"2":{"name":"(anonymous_2)","decl":{"start":{"line":44,"column":2},"end":{"line":44,"column":3}},"loc":{"start":{"line":44,"column":11},"end":{"line":78,"column":3}},"line":44}},"branchMap":{"0":{"loc":{"start":{"line":62,"column":9},"end":{"line":62,"column":59}},"type":"binary-expr","locations":[{"start":{"line":62,"column":9},"end":{"line":62,"column":14}},{"start":{"line":62,"column":18},"end":{"line":62,"column":59}}],"line":62},"1":{"loc":{"start":{"line":66,"column":46},"end":{"line":66,"column":80}},"type":"cond-expr","locations":[{"start":{"line":66,"column":57},"end":{"line":66,"column":61}},{"start":{"line":66,"column":64},"end":{"line":66,"column":80}}],"line":66},"2":{"loc":{"start":{"line":67,"column":17},"end":{"line":67,"column":71}},"type":"cond-expr","locations":[{"start":{"line":67,"column":28},"end":{"line":67,"column":58}},{"start":{"line":67,"column":61},"end":{"line":67,"column":71}}],"line":67}},"s":{"0":0,"1":0,"2":0,"3":0,"4":0,"5":0,"6":0,"7":0},"f":{"0":0,"1":0,"2":0},"b":{"0":[0,0],"1":[0,0],"2":[0,0]}}
,"/Users/apple/Desktop/Project/TheBankApp/src/components/DialCodeInput/Picker/DialCodePicker.js": {"path":"/Users/apple/Desktop/Project/TheBankApp/src/components/DialCodeInput/Picker/DialCodePicker.js","statementMap":{"0":{"start":{"line":46,"column":4},"end":{"line":46,"column":25}},"1":{"start":{"line":48,"column":4},"end":{"line":48,"column":31}},"2":{"start":{"line":52,"column":41},"end":{"line":52,"column":51}},"3":{"start":{"line":54,"column":4},"end":{"line":62,"column":5}},"4":{"start":{"line":55,"column":6},"end":{"line":61,"column":7}},"5":{"start":{"line":56,"column":8},"end":{"line":56,"column":23}},"6":{"start":{"line":57,"column":13},"end":{"line":61,"column":7}},"7":{"start":{"line":58,"column":8},"end":{"line":58,"column":25}},"8":{"start":{"line":60,"column":8},"end":{"line":60,"column":20}},"9":{"start":{"line":64,"column":4},"end":{"line":64,"column":73}},"10":{"start":{"line":68,"column":25},"end":{"line":68,"column":35}},"11":{"start":{"line":70,"column":4},"end":{"line":70,"column":74}},"12":{"start":{"line":70,"column":50},"end":{"line":70,"column":73}},"13":{"start":{"line":72,"column":4},"end":{"line":76,"column":22}},"14":{"start":{"line":80,"column":4},"end":{"line":86,"column":6}},"15":{"start":{"line":85,"column":6},"end":{"line":85,"column":24}},"16":{"start":{"line":90,"column":48},"end":{"line":90,"column":58}},"17":{"start":{"line":92,"column":4},"end":{"line":92,"column":35}},"18":{"start":{"line":96,"column":25},"end":{"line":96,"column":35}},"19":{"start":{"line":97,"column":21},"end":{"line":97,"column":50}},"20":{"start":{"line":99,"column":4},"end":{"line":99,"column":46}},"21":{"start":{"line":103,"column":4},"end":{"line":103,"column":74}},"22":{"start":{"line":103,"column":50},"end":{"line":103,"column":73}},"23":{"start":{"line":105,"column":4},"end":{"line":105,"column":22}},"24":{"start":{"line":113,"column":4},"end":{"line":119,"column":6}},"25":{"start":{"line":123,"column":23},"end":{"line":123,"column":33}},"26":{"start":{"line":125,"column":4},"end":{"line":146,"column":5}},"27":{"start":{"line":140,"column":34},"end":{"line":140,"column":48}},"28":{"start":{"line":150,"column":23},"end":{"line":150,"column":33}},"29":{"start":{"line":151,"column":31},"end":{"line":151,"column":104}},"30":{"start":{"line":153,"column":4},"end":{"line":167,"column":5}},"31":{"start":{"line":171,"column":23},"end":{"line":171,"column":33}},"32":{"start":{"line":173,"column":4},"end":{"line":182,"column":5}},"33":{"start":{"line":174,"column":6},"end":{"line":181,"column":7}},"34":{"start":{"line":184,"column":4},"end":{"line":198,"column":5}},"35":{"start":{"line":202,"column":31},"end":{"line":202,"column":41}},"36":{"start":{"line":204,"column":4},"end":{"line":213,"column":5}},"37":{"start":{"line":217,"column":15},"end":{"line":255,"column":2}}},"fnMap":{"0":{"name":"(anonymous_0)","decl":{"start":{"line":45,"column":2},"end":{"line":45,"column":3}},"loc":{"start":{"line":45,"column":42},"end":{"line":49,"column":3}},"line":45},"1":{"name":"(anonymous_1)","decl":{"start":{"line":51,"column":2},"end":{"line":51,"column":3}},"loc":{"start":{"line":51,"column":42},"end":{"line":65,"column":3}},"line":51},"2":{"name":"(anonymous_2)","decl":{"start":{"line":67,"column":13},"end":{"line":67,"column":14}},"loc":{"start":{"line":67,"column":19},"end":{"line":77,"column":3}},"line":67},"3":{"name":"(anonymous_3)","decl":{"start":{"line":70,"column":45},"end":{"line":70,"column":46}},"loc":{"start":{"line":70,"column":50},"end":{"line":70,"column":73}},"line":70},"4":{"name":"(anonymous_4)","decl":{"start":{"line":76,"column":13},"end":{"line":76,"column":14}},"loc":{"start":{"line":76,"column":19},"end":{"line":76,"column":21}},"line":76},"5":{"name":"(anonymous_5)","decl":{"start":{"line":79,"column":15},"end":{"line":79,"column":16}},"loc":{"start":{"line":79,"column":21},"end":{"line":87,"column":3}},"line":79},"6":{"name":"(anonymous_6)","decl":{"start":{"line":84,"column":13},"end":{"line":84,"column":14}},"loc":{"start":{"line":84,"column":19},"end":{"line":86,"column":5}},"line":84},"7":{"name":"(anonymous_7)","decl":{"start":{"line":89,"column":12},"end":{"line":89,"column":13}},"loc":{"start":{"line":89,"column":18},"end":{"line":93,"column":3}},"line":89},"8":{"name":"(anonymous_8)","decl":{"start":{"line":95,"column":11},"end":{"line":95,"column":12}},"loc":{"start":{"line":95,"column":17},"end":{"line":100,"column":3}},"line":95},"9":{"name":"(anonymous_9)","decl":{"start":{"line":102,"column":23},"end":{"line":102,"column":24}},"loc":{"start":{"line":102,"column":45},"end":{"line":106,"column":3}},"line":102},"10":{"name":"(anonymous_10)","decl":{"start":{"line":103,"column":45},"end":{"line":103,"column":46}},"loc":{"start":{"line":103,"column":50},"end":{"line":103,"column":73}},"line":103},"11":{"name":"(anonymous_11)","decl":{"start":{"line":112,"column":7},"end":{"line":112,"column":8}},"loc":{"start":{"line":113,"column":4},"end":{"line":119,"column":6}},"line":113},"12":{"name":"(anonymous_12)","decl":{"start":{"line":122,"column":18},"end":{"line":122,"column":19}},"loc":{"start":{"line":122,"column":24},"end":{"line":147,"column":3}},"line":122},"13":{"name":"(anonymous_13)","decl":{"start":{"line":140,"column":26},"end":{"line":140,"column":27}},"loc":{"start":{"line":140,"column":34},"end":{"line":140,"column":48}},"line":140},"14":{"name":"(anonymous_14)","decl":{"start":{"line":149,"column":22},"end":{"line":149,"column":23}},"loc":{"start":{"line":149,"column":28},"end":{"line":168,"column":3}},"line":149},"15":{"name":"(anonymous_15)","decl":{"start":{"line":170,"column":27},"end":{"line":170,"column":28}},"loc":{"start":{"line":170,"column":33},"end":{"line":199,"column":3}},"line":170},"16":{"name":"(anonymous_16)","decl":{"start":{"line":201,"column":2},"end":{"line":201,"column":3}},"loc":{"start":{"line":201,"column":11},"end":{"line":214,"column":3}},"line":201}},"branchMap":{"0":{"loc":{"start":{"line":54,"column":4},"end":{"line":62,"column":5}},"type":"if","locations":[{"start":{"line":54,"column":4},"end":{"line":62,"column":5}},{"start":{"line":54,"column":4},"end":{"line":62,"column":5}}],"line":54},"1":{"loc":{"start":{"line":55,"column":6},"end":{"line":61,"column":7}},"type":"if","locations":[{"start":{"line":55,"column":6},"end":{"line":61,"column":7}},{"start":{"line":55,"column":6},"end":{"line":61,"column":7}}],"line":55},"2":{"loc":{"start":{"line":55,"column":10},"end":{"line":55,"column":37}},"type":"binary-expr","locations":[{"start":{"line":55,"column":10},"end":{"line":55,"column":17}},{"start":{"line":55,"column":21},"end":{"line":55,"column":37}}],"line":55},"3":{"loc":{"start":{"line":57,"column":13},"end":{"line":61,"column":7}},"type":"if","locations":[{"start":{"line":57,"column":13},"end":{"line":61,"column":7}},{"start":{"line":57,"column":13},"end":{"line":61,"column":7}}],"line":57},"4":{"loc":{"start":{"line":57,"column":17},"end":{"line":57,"column":44}},"type":"binary-expr","locations":[{"start":{"line":57,"column":17},"end":{"line":57,"column":23}},{"start":{"line":57,"column":27},"end":{"line":57,"column":44}}],"line":57},"5":{"loc":{"start":{"line":64,"column":11},"end":{"line":64,"column":73}},"type":"binary-expr","locations":[{"start":{"line":64,"column":11},"end":{"line":64,"column":38}},{"start":{"line":64,"column":42},"end":{"line":64,"column":73}}],"line":64},"6":{"loc":{"start":{"line":126,"column":45},"end":{"line":126,"column":84}},"type":"binary-expr","locations":[{"start":{"line":126,"column":45},"end":{"line":126,"column":51}},{"start":{"line":126,"column":55},"end":{"line":126,"column":84}}],"line":126},"7":{"loc":{"start":{"line":127,"column":49},"end":{"line":127,"column":90}},"type":"binary-expr","locations":[{"start":{"line":127,"column":49},"end":{"line":127,"column":55}},{"start":{"line":127,"column":59},"end":{"line":127,"column":90}}],"line":127},"8":{"loc":{"start":{"line":157,"column":10},"end":{"line":160,"column":11}},"type":"binary-expr","locations":[{"start":{"line":157,"column":10},"end":{"line":157,"column":16}},{"start":{"line":157,"column":20},"end":{"line":160,"column":11}}],"line":157},"9":{"loc":{"start":{"line":173,"column":4},"end":{"line":182,"column":5}},"type":"if","locations":[{"start":{"line":173,"column":4},"end":{"line":182,"column":5}},{"start":{"line":173,"column":4},"end":{"line":182,"column":5}}],"line":173},"10":{"loc":{"start":{"line":207,"column":23},"end":{"line":207,"column":47}},"type":"cond-expr","locations":[{"start":{"line":207,"column":32},"end":{"line":207,"column":38}},{"start":{"line":207,"column":41},"end":{"line":207,"column":47}}],"line":207},"11":{"loc":{"start":{"line":221,"column":51},"end":{"line":221,"column":88}},"type":"cond-expr","locations":[{"start":{"line":221,"column":79},"end":{"line":221,"column":82}},{"start":{"line":221,"column":85},"end":{"line":221,"column":88}}],"line":221}},"s":{"0":0,"1":0,"2":0,"3":0,"4":0,"5":0,"6":0,"7":0,"8":0,"9":0,"10":0,"11":0,"12":0,"13":0,"14":0,"15":0,"16":0,"17":0,"18":0,"19":0,"20":0,"21":0,"22":0,"23":0,"24":0,"25":0,"26":0,"27":0,"28":0,"29":0,"30":0,"31":0,"32":0,"33":0,"34":0,"35":0,"36":0,"37":0},"f":{"0":0,"1":0,"2":0,"3":0,"4":0,"5":0,"6":0,"7":0,"8":0,"9":0,"10":0,"11":0,"12":0,"13":0,"14":0,"15":0,"16":0},"b":{"0":[0,0],"1":[0,0],"2":[0,0],"3":[0,0],"4":[0,0],"5":[0,0],"6":[0,0],"7":[0,0],"8":[0,0],"9":[0,0],"10":[0,0],"11":[0,0]}}
,"/Users/apple/Desktop/Project/TheBankApp/src/components/Hud/Hud.js": {"path":"/Users/apple/Desktop/Project/TheBankApp/src/components/Hud/Hud.js","statementMap":{"0":{"start":{"line":50,"column":8},"end":{"line":50,"column":18}},"1":{"start":{"line":52,"column":4},"end":{"line":119,"column":5}},"2":{"start":{"line":54,"column":6},"end":{"line":59,"column":7}},"3":{"start":{"line":62,"column":6},"end":{"line":70,"column":7}},"4":{"start":{"line":73,"column":6},"end":{"line":92,"column":7}},"5":{"start":{"line":95,"column":6},"end":{"line":114,"column":7}},"6":{"start":{"line":103,"column":14},"end":{"line":110,"column":16}},"7":{"start":{"line":117,"column":6},"end":{"line":117,"column":21}},"8":{"start":{"line":125,"column":29},"end":{"line":125,"column":39}},"9":{"start":{"line":127,"column":4},"end":{"line":142,"column":5}},"10":{"start":{"line":146,"column":15},"end":{"line":231,"column":2}}},"fnMap":{"0":{"name":"(anonymous_0)","decl":{"start":{"line":37,"column":15},"end":{"line":37,"column":16}},"loc":{"start":{"line":37,"column":21},"end":{"line":120,"column":3}},"line":37},"1":{"name":"(anonymous_1)","decl":{"start":{"line":102,"column":29},"end":{"line":102,"column":30}},"loc":{"start":{"line":103,"column":14},"end":{"line":110,"column":16}},"line":103},"2":{"name":"(anonymous_2)","decl":{"start":{"line":122,"column":19},"end":{"line":122,"column":20}},"loc":{"start":{"line":122,"column":25},"end":{"line":122,"column":27}},"line":122},"3":{"name":"(anonymous_3)","decl":{"start":{"line":124,"column":2},"end":{"line":124,"column":3}},"loc":{"start":{"line":124,"column":11},"end":{"line":143,"column":3}},"line":124}},"branchMap":{"0":{"loc":{"start":{"line":52,"column":4},"end":{"line":119,"column":5}},"type":"switch","locations":[{"start":{"line":53,"column":4},"end":{"line":60,"column":5}},{"start":{"line":61,"column":4},"end":{"line":71,"column":5}},{"start":{"line":72,"column":4},"end":{"line":93,"column":5}},{"start":{"line":94,"column":4},"end":{"line":115,"column":5}},{"start":{"line":116,"column":4},"end":{"line":118,"column":5}}],"line":52},"1":{"loc":{"start":{"line":80,"column":25},"end":{"line":80,"column":95}},"type":"cond-expr","locations":[{"start":{"line":80,"column":49},"end":{"line":80,"column":71}},{"start":{"line":80,"column":74},"end":{"line":80,"column":95}}],"line":80},"2":{"loc":{"start":{"line":99,"column":13},"end":{"line":99,"column":79}},"type":"binary-expr","locations":[{"start":{"line":99,"column":13},"end":{"line":99,"column":24}},{"start":{"line":99,"column":28},"end":{"line":99,"column":79}}],"line":99},"3":{"loc":{"start":{"line":129,"column":9},"end":{"line":140,"column":9}},"type":"binary-expr","locations":[{"start":{"line":129,"column":9},"end":{"line":129,"column":15}},{"start":{"line":130,"column":10},"end":{"line":139,"column":17}}],"line":129},"4":{"loc":{"start":{"line":133,"column":14},"end":{"line":135,"column":15}},"type":"binary-expr","locations":[{"start":{"line":133,"column":14},"end":{"line":133,"column":30}},{"start":{"line":133,"column":34},"end":{"line":135,"column":15}}],"line":133}},"s":{"0":0,"1":0,"2":0,"3":0,"4":0,"5":0,"6":0,"7":0,"8":0,"9":0,"10":0},"f":{"0":0,"1":0,"2":0,"3":0},"b":{"0":[0,0,0,0,0],"1":[0,0],"2":[0,0],"3":[0,0],"4":[0,0]}}
,"/Users/apple/Desktop/Project/TheBankApp/src/components/Layout/Row.js": {"path":"/Users/apple/Desktop/Project/TheBankApp/src/components/Layout/Row.js","statementMap":{"0":{"start":{"line":6,"column":32},"end":{"line":6,"column":42}},"1":{"start":{"line":8,"column":4},"end":{"line":8,"column":69}},"2":{"start":{"line":12,"column":15},"end":{"line":16,"column":2}}},"fnMap":{"0":{"name":"(anonymous_0)","decl":{"start":{"line":5,"column":2},"end":{"line":5,"column":3}},"loc":{"start":{"line":5,"column":11},"end":{"line":9,"column":3}},"line":5}},"branchMap":{},"s":{"0":0,"1":0,"2":0},"f":{"0":0},"b":{}}
,"/Users/apple/Desktop/Project/TheBankApp/src/components/ListGroup/ListGroup.js": {"path":"/Users/apple/Desktop/Project/TheBankApp/src/components/ListGroup/ListGroup.js","statementMap":{"0":{"start":{"line":8,"column":18},"end":{"line":17,"column":1}},"1":{"start":{"line":9,"column":2},"end":{"line":16,"column":9}}},"fnMap":{"0":{"name":"(anonymous_0)","decl":{"start":{"line":8,"column":18},"end":{"line":8,"column":19}},"loc":{"start":{"line":9,"column":2},"end":{"line":16,"column":9}},"line":9}},"branchMap":{},"s":{"0":0,"1":0},"f":{"0":0},"b":{}}
,"/Users/apple/Desktop/Project/TheBankApp/src/components/ListGroup/Item/ListGroupItem.js": {"path":"/Users/apple/Desktop/Project/TheBankApp/src/components/ListGroup/Item/ListGroupItem.js","statementMap":{"0":{"start":{"line":16,"column":22},"end":{"line":73,"column":1}},"1":{"start":{"line":17,"column":17},"end":{"line":17,"column":19}},"2":{"start":{"line":19,"column":2},"end":{"line":25,"column":3}},"3":{"start":{"line":21,"column":4},"end":{"line":21,"column":28}},"4":{"start":{"line":22,"column":4},"end":{"line":22,"column":9}},"5":{"start":{"line":24,"column":4},"end":{"line":24,"column":9}},"6":{"start":{"line":28,"column":4},"end":{"line":37,"column":11}},"7":{"start":{"line":40,"column":2},"end":{"line":72,"column":3}},"8":{"start":{"line":42,"column":4},"end":{"line":68,"column":5}},"9":{"start":{"line":71,"column":4},"end":{"line":71,"column":15}}},"fnMap":{"0":{"name":"(anonymous_0)","decl":{"start":{"line":16,"column":22},"end":{"line":16,"column":23}},"loc":{"start":{"line":16,"column":88},"end":{"line":73,"column":1}},"line":16}},"branchMap":{"0":{"loc":{"start":{"line":19,"column":2},"end":{"line":25,"column":3}},"type":"switch","locations":[{"start":{"line":20,"column":2},"end":{"line":22,"column":9}},{"start":{"line":23,"column":2},"end":{"line":24,"column":9}}],"line":19},"1":{"loc":{"start":{"line":40,"column":2},"end":{"line":72,"column":3}},"type":"switch","locations":[{"start":{"line":41,"column":2},"end":{"line":68,"column":5}},{"start":{"line":70,"column":2},"end":{"line":71,"column":15}}],"line":40},"2":{"loc":{"start":{"line":54,"column":31},"end":{"line":54,"column":70}},"type":"cond-expr","locations":[{"start":{"line":54,"column":42},"end":{"line":54,"column":43}},{"start":{"line":54,"column":46},"end":{"line":54,"column":70}}],"line":54},"3":{"loc":{"start":{"line":63,"column":20},"end":{"line":63,"column":45}},"type":"binary-expr","locations":[{"start":{"line":63,"column":20},"end":{"line":63,"column":28}},{"start":{"line":63,"column":32},"end":{"line":63,"column":45}}],"line":63}},"s":{"0":0,"1":0,"2":0,"3":0,"4":0,"5":0,"6":0,"7":0,"8":0,"9":0},"f":{"0":0},"b":{"0":[0,0],"1":[0,0],"2":[0,0],"3":[0,0]}}
,"/Users/apple/Desktop/Project/TheBankApp/src/components/ListGroup/Item/ListGroupSelectableItem.js": {"path":"/Users/apple/Desktop/Project/TheBankApp/src/components/ListGroup/Item/ListGroupSelectableItem.js","statementMap":{"0":{"start":{"line":18,"column":25},"end":{"line":18,"column":35}},"1":{"start":{"line":20,"column":4},"end":{"line":20,"column":42}},"2":{"start":{"line":24,"column":28},"end":{"line":24,"column":38}},"3":{"start":{"line":26,"column":4},"end":{"line":26,"column":15}},"4":{"start":{"line":30,"column":48},"end":{"line":30,"column":58}},"5":{"start":{"line":32,"column":4},"end":{"line":44,"column":5}},"6":{"start":{"line":48,"column":15},"end":{"line":76,"column":2}}},"fnMap":{"0":{"name":"(anonymous_0)","decl":{"start":{"line":17,"column":2},"end":{"line":17,"column":3}},"loc":{"start":{"line":17,"column":42},"end":{"line":21,"column":3}},"line":17},"1":{"name":"(anonymous_1)","decl":{"start":{"line":23,"column":12},"end":{"line":23,"column":13}},"loc":{"start":{"line":23,"column":18},"end":{"line":27,"column":3}},"line":23},"2":{"name":"(anonymous_2)","decl":{"start":{"line":29,"column":2},"end":{"line":29,"column":3}},"loc":{"start":{"line":29,"column":11},"end":{"line":45,"column":3}},"line":29}},"branchMap":{"0":{"loc":{"start":{"line":40,"column":13},"end":{"line":40,"column":94}},"type":"binary-expr","locations":[{"start":{"line":40,"column":13},"end":{"line":40,"column":21}},{"start":{"line":40,"column":25},"end":{"line":40,"column":94}}],"line":40}},"s":{"0":0,"1":0,"2":0,"3":0,"4":0,"5":0,"6":0},"f":{"0":0,"1":0,"2":0},"b":{"0":[0,0]}}
,"/Users/apple/Desktop/Project/TheBankApp/src/components/Main/Main.js": {"path":"/Users/apple/Desktop/Project/TheBankApp/src/components/Main/Main.js","statementMap":{"0":{"start":{"line":17,"column":88},"end":{"line":49,"column":1}},"1":{"start":{"line":22,"column":18},"end":{"line":22,"column":34}},"2":{"start":{"line":24,"column":2},"end":{"line":39,"column":3}},"3":{"start":{"line":26,"column":4},"end":{"line":26,"column":22}},"4":{"start":{"line":27,"column":4},"end":{"line":27,"column":9}},"5":{"start":{"line":29,"column":4},"end":{"line":29,"column":24}},"6":{"start":{"line":30,"column":4},"end":{"line":30,"column":9}},"7":{"start":{"line":32,"column":4},"end":{"line":32,"column":24}},"8":{"start":{"line":33,"column":4},"end":{"line":33,"column":9}},"9":{"start":{"line":35,"column":4},"end":{"line":35,"column":24}},"10":{"start":{"line":36,"column":4},"end":{"line":36,"column":9}},"11":{"start":{"line":38,"column":4},"end":{"line":38,"column":9}},"12":{"start":{"line":41,"column":2},"end":{"line":48,"column":3}},"13":{"start":{"line":51,"column":17},"end":{"line":90,"column":2}},"14":{"start":{"line":92,"column":13},"end":{"line":96,"column":2}},"15":{"start":{"line":98,"column":13},"end":{"line":110,"column":1}}},"fnMap":{"0":{"name":"(anonymous_0)","decl":{"start":{"line":17,"column":88},"end":{"line":17,"column":89}},"loc":{"start":{"line":21,"column":6},"end":{"line":49,"column":1}},"line":21}},"branchMap":{"0":{"loc":{"start":{"line":24,"column":2},"end":{"line":39,"column":3}},"type":"switch","locations":[{"start":{"line":25,"column":2},"end":{"line":27,"column":9}},{"start":{"line":28,"column":2},"end":{"line":30,"column":9}},{"start":{"line":31,"column":2},"end":{"line":33,"column":9}},{"start":{"line":34,"column":2},"end":{"line":36,"column":9}},{"start":{"line":37,"column":2},"end":{"line":38,"column":9}}],"line":24}},"s":{"0":0,"1":0,"2":0,"3":0,"4":0,"5":0,"6":0,"7":0,"8":0,"9":0,"10":0,"11":0,"12":0,"13":0,"14":0,"15":0},"f":{"0":0},"b":{"0":[0,0,0,0,0]}}
,"/Users/apple/Desktop/Project/TheBankApp/src/components/NavTitle/NavTitle.js": {"path":"/Users/apple/Desktop/Project/TheBankApp/src/components/NavTitle/NavTitle.js","statementMap":{"0":{"start":{"line":17,"column":58},"end":{"line":17,"column":68}},"1":{"start":{"line":19,"column":4},"end":{"line":23,"column":5}},"2":{"start":{"line":27,"column":28},"end":{"line":29,"column":32}},"3":{"start":{"line":31,"column":15},"end":{"line":38,"column":2}}},"fnMap":{"0":{"name":"(anonymous_0)","decl":{"start":{"line":16,"column":2},"end":{"line":16,"column":3}},"loc":{"start":{"line":16,"column":11},"end":{"line":24,"column":3}},"line":16}},"branchMap":{"0":{"loc":{"start":{"line":21,"column":9},"end":{"line":21,"column":38}},"type":"cond-expr","locations":[{"start":{"line":21,"column":21},"end":{"line":21,"column":30}},{"start":{"line":21,"column":33},"end":{"line":21,"column":38}}],"line":21},"1":{"loc":{"start":{"line":27,"column":28},"end":{"line":29,"column":32}},"type":"cond-expr","locations":[{"start":{"line":28,"column":4},"end":{"line":28,"column":30}},{"start":{"line":29,"column":4},"end":{"line":29,"column":32}}],"line":27}},"s":{"0":0,"1":0,"2":0,"3":0},"f":{"0":0},"b":{"0":[0,0],"1":[0,0]}}
,"/Users/apple/Desktop/Project/TheBankApp/src/components/Photo/Photo.js": {"path":"/Users/apple/Desktop/Project/TheBankApp/src/components/Photo/Photo.js","statementMap":{"0":{"start":{"line":30,"column":4},"end":{"line":32,"column":6}},"1":{"start":{"line":36,"column":4},"end":{"line":38,"column":6}},"2":{"start":{"line":50,"column":8},"end":{"line":50,"column":18}},"3":{"start":{"line":51,"column":26},"end":{"line":51,"column":36}},"4":{"start":{"line":53,"column":4},"end":{"line":85,"column":5}},"5":{"start":{"line":89,"column":15},"end":{"line":115,"column":2}}},"fnMap":{"0":{"name":"(anonymous_0)","decl":{"start":{"line":29,"column":11},"end":{"line":29,"column":12}},"loc":{"start":{"line":29,"column":17},"end":{"line":33,"column":3}},"line":29},"1":{"name":"(anonymous_1)","decl":{"start":{"line":35,"column":12},"end":{"line":35,"column":13}},"loc":{"start":{"line":35,"column":18},"end":{"line":39,"column":3}},"line":35},"2":{"name":"(anonymous_2)","decl":{"start":{"line":41,"column":2},"end":{"line":41,"column":3}},"loc":{"start":{"line":41,"column":11},"end":{"line":86,"column":3}},"line":41}},"branchMap":{"0":{"loc":{"start":{"line":57,"column":17},"end":{"line":57,"column":26}},"type":"binary-expr","locations":[{"start":{"line":57,"column":17},"end":{"line":57,"column":20}},{"start":{"line":57,"column":24},"end":{"line":57,"column":26}}],"line":57},"1":{"loc":{"start":{"line":65,"column":9},"end":{"line":77,"column":9}},"type":"binary-expr","locations":[{"start":{"line":65,"column":9},"end":{"line":65,"column":32}},{"start":{"line":66,"column":10},"end":{"line":76,"column":17}}],"line":65},"2":{"loc":{"start":{"line":67,"column":13},"end":{"line":75,"column":13}},"type":"cond-expr","locations":[{"start":{"line":68,"column":14},"end":{"line":72,"column":16}},{"start":{"line":74,"column":14},"end":{"line":74,"column":94}}],"line":67},"3":{"loc":{"start":{"line":79,"column":9},"end":{"line":83,"column":9}},"type":"binary-expr","locations":[{"start":{"line":79,"column":9},"end":{"line":79,"column":23}},{"start":{"line":80,"column":10},"end":{"line":82,"column":17}}],"line":79}},"s":{"0":0,"1":0,"2":0,"3":0,"4":0,"5":0},"f":{"0":0,"1":0,"2":0},"b":{"0":[0,0],"1":[0,0],"2":[0,0],"3":[0,0]}}
,"/Users/apple/Desktop/Project/TheBankApp/src/components/Products/MenuItem.js": {"path":"/Users/apple/Desktop/Project/TheBankApp/src/components/Products/MenuItem.js","statementMap":{"0":{"start":{"line":21,"column":34},"end":{"line":21,"column":44}},"1":{"start":{"line":22,"column":8},"end":{"line":22,"column":22}},"2":{"start":{"line":26,"column":8},"end":{"line":33,"column":9}},"3":{"start":{"line":37,"column":8},"end":{"line":43,"column":9}},"4":{"start":{"line":47,"column":45},"end":{"line":47,"column":55}},"5":{"start":{"line":49,"column":8},"end":{"line":107,"column":10}},"6":{"start":{"line":111,"column":15},"end":{"line":121,"column":2}}},"fnMap":{"0":{"name":"(anonymous_0)","decl":{"start":{"line":20,"column":14},"end":{"line":20,"column":15}},"loc":{"start":{"line":20,"column":20},"end":{"line":23,"column":5}},"line":20},"1":{"name":"(anonymous_1)","decl":{"start":{"line":25,"column":17},"end":{"line":25,"column":18}},"loc":{"start":{"line":25,"column":36},"end":{"line":34,"column":5}},"line":25},"2":{"name":"(anonymous_2)","decl":{"start":{"line":36,"column":18},"end":{"line":36,"column":19}},"loc":{"start":{"line":36,"column":37},"end":{"line":44,"column":5}},"line":36},"3":{"name":"(anonymous_3)","decl":{"start":{"line":46,"column":4},"end":{"line":46,"column":5}},"loc":{"start":{"line":46,"column":13},"end":{"line":108,"column":5}},"line":46}},"branchMap":{},"s":{"0":0,"1":0,"2":0,"3":0,"4":0,"5":0,"6":0},"f":{"0":0,"1":0,"2":0,"3":0},"b":{}}
,"/Users/apple/Desktop/Project/TheBankApp/src/components/Products/Products.js": {"path":"/Users/apple/Desktop/Project/TheBankApp/src/components/Products/Products.js","statementMap":{"0":{"start":{"line":42,"column":4},"end":{"line":48,"column":6}},"1":{"start":{"line":52,"column":4},"end":{"line":56,"column":5}},"2":{"start":{"line":60,"column":25},"end":{"line":60,"column":35}},"3":{"start":{"line":61,"column":4},"end":{"line":61,"column":37}},"4":{"start":{"line":62,"column":4},"end":{"line":76,"column":5}},"5":{"start":{"line":70,"column":32},"end":{"line":70,"column":44}},"6":{"start":{"line":80,"column":15},"end":{"line":92,"column":2}}},"fnMap":{"0":{"name":"(anonymous_0)","decl":{"start":{"line":37,"column":13},"end":{"line":37,"column":14}},"loc":{"start":{"line":37,"column":35},"end":{"line":39,"column":3}},"line":37},"1":{"name":"(anonymous_1)","decl":{"start":{"line":41,"column":40},"end":{"line":41,"column":41}},"loc":{"start":{"line":42,"column":4},"end":{"line":48,"column":6}},"line":42},"2":{"name":"(anonymous_2)","decl":{"start":{"line":51,"column":16},"end":{"line":51,"column":17}},"loc":{"start":{"line":51,"column":22},"end":{"line":57,"column":3}},"line":51},"3":{"name":"(anonymous_3)","decl":{"start":{"line":59,"column":2},"end":{"line":59,"column":3}},"loc":{"start":{"line":59,"column":11},"end":{"line":77,"column":3}},"line":59},"4":{"name":"(anonymous_4)","decl":{"start":{"line":70,"column":24},"end":{"line":70,"column":25}},"loc":{"start":{"line":70,"column":32},"end":{"line":70,"column":44}},"line":70}},"branchMap":{},"s":{"0":0,"1":0,"2":0,"3":0,"4":0,"5":0,"6":0},"f":{"0":0,"1":0,"2":0,"3":0,"4":0},"b":{}}
,"/Users/apple/Desktop/Project/TheBankApp/src/components/Root/Root.js": {"path":"/Users/apple/Desktop/Project/TheBankApp/src/components/Root/Root.js","statementMap":{"0":{"start":{"line":12,"column":29},"end":{"line":19,"column":2}},"1":{"start":{"line":25,"column":4},"end":{"line":25,"column":71}},"2":{"start":{"line":29,"column":4},"end":{"line":29,"column":74}},"3":{"start":{"line":33,"column":32},"end":{"line":33,"column":42}},"4":{"start":{"line":34,"column":4},"end":{"line":36,"column":5}},"5":{"start":{"line":35,"column":6},"end":{"line":35,"column":18}},"6":{"start":{"line":38,"column":4},"end":{"line":38,"column":38}},"7":{"start":{"line":40,"column":4},"end":{"line":40,"column":15}},"8":{"start":{"line":44,"column":32},"end":{"line":44,"column":42}},"9":{"start":{"line":45,"column":4},"end":{"line":45,"column":35}},"10":{"start":{"line":46,"column":4},"end":{"line":46,"column":71}},"11":{"start":{"line":50,"column":24},"end":{"line":52,"column":2}},"12":{"start":{"line":50,"column":34},"end":{"line":52,"column":1}}},"fnMap":{"0":{"name":"(anonymous_0)","decl":{"start":{"line":24,"column":2},"end":{"line":24,"column":3}},"loc":{"start":{"line":24,"column":22},"end":{"line":26,"column":3}},"line":24},"1":{"name":"(anonymous_1)","decl":{"start":{"line":28,"column":2},"end":{"line":28,"column":3}},"loc":{"start":{"line":28,"column":25},"end":{"line":30,"column":3}},"line":28},"2":{"name":"(anonymous_2)","decl":{"start":{"line":32,"column":16},"end":{"line":32,"column":17}},"loc":{"start":{"line":32,"column":22},"end":{"line":41,"column":3}},"line":32},"3":{"name":"(anonymous_3)","decl":{"start":{"line":43,"column":2},"end":{"line":43,"column":3}},"loc":{"start":{"line":43,"column":11},"end":{"line":47,"column":3}},"line":43},"4":{"name":"(anonymous_4)","decl":{"start":{"line":50,"column":24},"end":{"line":50,"column":25}},"loc":{"start":{"line":50,"column":34},"end":{"line":52,"column":1}},"line":50}},"branchMap":{"0":{"loc":{"start":{"line":34,"column":4},"end":{"line":36,"column":5}},"type":"if","locations":[{"start":{"line":34,"column":4},"end":{"line":36,"column":5}},{"start":{"line":34,"column":4},"end":{"line":36,"column":5}}],"line":34}},"s":{"0":0,"1":0,"2":0,"3":0,"4":0,"5":0,"6":0,"7":0,"8":0,"9":0,"10":0,"11":0,"12":0},"f":{"0":0,"1":0,"2":0,"3":0,"4":0},"b":{"0":[0,0]}}
,"/Users/apple/Desktop/Project/TheBankApp/src/components/Start/Start.js": {"path":"/Users/apple/Desktop/Project/TheBankApp/src/components/Start/Start.js","statementMap":{"0":{"start":{"line":10,"column":14},"end":{"line":28,"column":1}}},"fnMap":{},"branchMap":{},"s":{"0":0},"f":{},"b":{}}
,"/Users/apple/Desktop/Project/TheBankApp/src/components/TabBar/Notification.js": {"path":"/Users/apple/Desktop/Project/TheBankApp/src/components/TabBar/Notification.js","statementMap":{"0":{"start":{"line":17,"column":37},"end":{"line":17,"column":47}},"1":{"start":{"line":19,"column":4},"end":{"line":34,"column":5}},"2":{"start":{"line":23,"column":10},"end":{"line":23,"column":37}},"3":{"start":{"line":38,"column":28},"end":{"line":41,"column":2}},"4":{"start":{"line":43,"column":34},"end":{"line":45,"column":32}},"5":{"start":{"line":47,"column":15},"end":{"line":67,"column":2}},"6":{"start":{"line":69,"column":24},"end":{"line":71,"column":2}},"7":{"start":{"line":69,"column":48},"end":{"line":71,"column":1}}},"fnMap":{"0":{"name":"(anonymous_0)","decl":{"start":{"line":16,"column":2},"end":{"line":16,"column":3}},"loc":{"start":{"line":16,"column":11},"end":{"line":35,"column":3}},"line":16},"1":{"name":"(anonymous_1)","decl":{"start":{"line":22,"column":17},"end":{"line":22,"column":18}},"loc":{"start":{"line":22,"column":23},"end":{"line":24,"column":9}},"line":22},"2":{"name":"(anonymous_2)","decl":{"start":{"line":69,"column":24},"end":{"line":69,"column":25}},"loc":{"start":{"line":69,"column":48},"end":{"line":71,"column":1}},"line":69}},"branchMap":{"0":{"loc":{"start":{"line":43,"column":34},"end":{"line":45,"column":32}},"type":"cond-expr","locations":[{"start":{"line":44,"column":4},"end":{"line":44,"column":30}},{"start":{"line":45,"column":4},"end":{"line":45,"column":32}}],"line":43}},"s":{"0":0,"1":0,"2":0,"3":0,"4":0,"5":0,"6":0,"7":0},"f":{"0":0,"1":0,"2":0},"b":{"0":[0,0]}}
,"/Users/apple/Desktop/Project/TheBankApp/src/components/TabBar/TabBar.js": {"path":"/Users/apple/Desktop/Project/TheBankApp/src/components/TabBar/TabBar.js","statementMap":{"0":{"start":{"line":11,"column":15},"end":{"line":19,"column":2}},"1":{"start":{"line":21,"column":15},"end":{"line":25,"column":1}},"2":{"start":{"line":22,"column":2},"end":{"line":24,"column":9}}},"fnMap":{"0":{"name":"(anonymous_0)","decl":{"start":{"line":21,"column":15},"end":{"line":21,"column":16}},"loc":{"start":{"line":22,"column":2},"end":{"line":24,"column":9}},"line":22}},"branchMap":{"0":{"loc":{"start":{"line":13,"column":19},"end":{"line":13,"column":83}},"type":"cond-expr","locations":[{"start":{"line":13,"column":61},"end":{"line":13,"column":79}},{"start":{"line":13,"column":82},"end":{"line":13,"column":83}}],"line":13},"1":{"loc":{"start":{"line":13,"column":19},"end":{"line":13,"column":58}},"type":"binary-expr","locations":[{"start":{"line":13,"column":19},"end":{"line":13,"column":33}},{"start":{"line":13,"column":37},"end":{"line":13,"column":58}}],"line":13},"2":{"loc":{"start":{"line":15,"column":23},"end":{"line":17,"column":9}},"type":"cond-expr","locations":[{"start":{"line":16,"column":8},"end":{"line":16,"column":80}},{"start":{"line":17,"column":8},"end":{"line":17,"column":9}}],"line":15}},"s":{"0":0,"1":0,"2":0},"f":{"0":0},"b":{"0":[0,0],"1":[0,0],"2":[0,0]}}
,"/Users/apple/Desktop/Project/TheBankApp/src/components/TabBar/TabBarIcon.js": {"path":"/Users/apple/Desktop/Project/TheBankApp/src/components/TabBar/TabBarIcon.js","statementMap":{"0":{"start":{"line":7,"column":19},"end":{"line":22,"column":1}},"1":{"start":{"line":8,"column":36},"end":{"line":8,"column":41}},"2":{"start":{"line":10,"column":2},"end":{"line":21,"column":3}}},"fnMap":{"0":{"name":"(anonymous_0)","decl":{"start":{"line":7,"column":19},"end":{"line":7,"column":20}},"loc":{"start":{"line":7,"column":74},"end":{"line":22,"column":1}},"line":7}},"branchMap":{},"s":{"0":0,"1":0,"2":0},"f":{"0":0},"b":{}}
,"/Users/apple/Desktop/Project/TheBankApp/src/components/TabBar/UserAvatar.js": {"path":"/Users/apple/Desktop/Project/TheBankApp/src/components/TabBar/UserAvatar.js","statementMap":{"0":{"start":{"line":17,"column":37},"end":{"line":17,"column":47}},"1":{"start":{"line":19,"column":4},"end":{"line":33,"column":5}},"2":{"start":{"line":23,"column":10},"end":{"line":23,"column":37}},"3":{"start":{"line":37,"column":26},"end":{"line":40,"column":2}},"4":{"start":{"line":42,"column":34},"end":{"line":44,"column":32}},"5":{"start":{"line":46,"column":15},"end":{"line":53,"column":2}},"6":{"start":{"line":55,"column":24},"end":{"line":57,"column":2}},"7":{"start":{"line":55,"column":48},"end":{"line":57,"column":1}}},"fnMap":{"0":{"name":"(anonymous_0)","decl":{"start":{"line":16,"column":2},"end":{"line":16,"column":3}},"loc":{"start":{"line":16,"column":11},"end":{"line":34,"column":3}},"line":16},"1":{"name":"(anonymous_1)","decl":{"start":{"line":22,"column":17},"end":{"line":22,"column":18}},"loc":{"start":{"line":22,"column":23},"end":{"line":24,"column":9}},"line":22},"2":{"name":"(anonymous_2)","decl":{"start":{"line":55,"column":24},"end":{"line":55,"column":25}},"loc":{"start":{"line":55,"column":48},"end":{"line":57,"column":1}},"line":55}},"branchMap":{"0":{"loc":{"start":{"line":42,"column":34},"end":{"line":44,"column":32}},"type":"cond-expr","locations":[{"start":{"line":43,"column":4},"end":{"line":43,"column":30}},{"start":{"line":44,"column":4},"end":{"line":44,"column":32}}],"line":42}},"s":{"0":0,"1":0,"2":0,"3":0,"4":0,"5":0,"6":0,"7":0},"f":{"0":0,"1":0,"2":0},"b":{"0":[0,0]}}
,"/Users/apple/Desktop/Project/TheBankApp/src/components/TextField/TextField.js": {"path":"/Users/apple/Desktop/Project/TheBankApp/src/components/TextField/TextField.js","statementMap":{"0":{"start":{"line":43,"column":24},"end":{"line":43,"column":34}},"1":{"start":{"line":45,"column":4},"end":{"line":49,"column":5}},"2":{"start":{"line":46,"column":6},"end":{"line":48,"column":8}},"3":{"start":{"line":53,"column":4},"end":{"line":53,"column":42}},"4":{"start":{"line":57,"column":4},"end":{"line":57,"column":41}},"5":{"start":{"line":76,"column":8},"end":{"line":76,"column":18}},"6":{"start":{"line":77,"column":24},"end":{"line":77,"column":34}},"7":{"start":{"line":79,"column":22},"end":{"line":79,"column":40}},"8":{"start":{"line":81,"column":4},"end":{"line":114,"column":5}},"9":{"start":{"line":102,"column":12},"end":{"line":102,"column":31}},"10":{"start":{"line":118,"column":15},"end":{"line":155,"column":2}}},"fnMap":{"0":{"name":"(anonymous_0)","decl":{"start":{"line":42,"column":11},"end":{"line":42,"column":12}},"loc":{"start":{"line":42,"column":17},"end":{"line":50,"column":3}},"line":42},"1":{"name":"(anonymous_1)","decl":{"start":{"line":52,"column":10},"end":{"line":52,"column":11}},"loc":{"start":{"line":52,"column":16},"end":{"line":54,"column":3}},"line":52},"2":{"name":"(anonymous_2)","decl":{"start":{"line":56,"column":9},"end":{"line":56,"column":10}},"loc":{"start":{"line":56,"column":15},"end":{"line":58,"column":3}},"line":56},"3":{"name":"(anonymous_3)","decl":{"start":{"line":60,"column":2},"end":{"line":60,"column":3}},"loc":{"start":{"line":60,"column":11},"end":{"line":115,"column":3}},"line":60},"4":{"name":"(anonymous_4)","decl":{"start":{"line":101,"column":15},"end":{"line":101,"column":16}},"loc":{"start":{"line":101,"column":24},"end":{"line":103,"column":11}},"line":101}},"branchMap":{"0":{"loc":{"start":{"line":45,"column":4},"end":{"line":49,"column":5}},"type":"if","locations":[{"start":{"line":45,"column":4},"end":{"line":49,"column":5}},{"start":{"line":45,"column":4},"end":{"line":49,"column":5}}],"line":45},"1":{"loc":{"start":{"line":53,"column":4},"end":{"line":53,"column":42}},"type":"binary-expr","locations":[{"start":{"line":53,"column":4},"end":{"line":53,"column":17}},{"start":{"line":53,"column":21},"end":{"line":53,"column":42}}],"line":53},"2":{"loc":{"start":{"line":57,"column":4},"end":{"line":57,"column":41}},"type":"binary-expr","locations":[{"start":{"line":57,"column":4},"end":{"line":57,"column":17}},{"start":{"line":57,"column":21},"end":{"line":57,"column":41}}],"line":57},"3":{"loc":{"start":{"line":79,"column":22},"end":{"line":79,"column":40}},"type":"binary-expr","locations":[{"start":{"line":79,"column":22},"end":{"line":79,"column":29}},{"start":{"line":79,"column":33},"end":{"line":79,"column":40}}],"line":79},"4":{"loc":{"start":{"line":91,"column":12},"end":{"line":91,"column":56}},"type":"cond-expr","locations":[{"start":{"line":91,"column":24},"end":{"line":91,"column":49}},{"start":{"line":91,"column":52},"end":{"line":91,"column":56}}],"line":91},"5":{"loc":{"start":{"line":93,"column":12},"end":{"line":93,"column":54}},"type":"cond-expr","locations":[{"start":{"line":93,"column":24},"end":{"line":93,"column":47}},{"start":{"line":93,"column":50},"end":{"line":93,"column":54}}],"line":93},"6":{"loc":{"start":{"line":108,"column":9},"end":{"line":112,"column":9}},"type":"binary-expr","locations":[{"start":{"line":108,"column":9},"end":{"line":108,"column":18}},{"start":{"line":109,"column":10},"end":{"line":111,"column":17}}],"line":108}},"s":{"0":0,"1":0,"2":0,"3":0,"4":0,"5":0,"6":0,"7":0,"8":0,"9":0,"10":0},"f":{"0":0,"1":0,"2":0,"3":0,"4":0},"b":{"0":[0,0],"1":[0,0],"2":[0,0],"3":[0,0],"4":[0,0],"5":[0,0],"6":[0,0]}}
,"/Users/apple/Desktop/Project/TheBankApp/src/components/UniversalScreenContainer/UniversalScreenContainer.js": {"path":"/Users/apple/Desktop/Project/TheBankApp/src/components/UniversalScreenContainer/UniversalScreenContainer.js","statementMap":{"0":{"start":{"line":8,"column":15},"end":{"line":13,"column":2}},"1":{"start":{"line":17,"column":33},"end":{"line":21,"column":1}},"2":{"start":{"line":18,"column":2},"end":{"line":18,"column":56}},"3":{"start":{"line":18,"column":34},"end":{"line":18,"column":56}},"4":{"start":{"line":20,"column":2},"end":{"line":20,"column":98}}},"fnMap":{"0":{"name":"(anonymous_0)","decl":{"start":{"line":17,"column":33},"end":{"line":17,"column":34}},"loc":{"start":{"line":17,"column":80},"end":{"line":21,"column":1}},"line":17}},"branchMap":{"0":{"loc":{"start":{"line":18,"column":2},"end":{"line":18,"column":56}},"type":"if","locations":[{"start":{"line":18,"column":2},"end":{"line":18,"column":56}},{"start":{"line":18,"column":2},"end":{"line":18,"column":56}}],"line":18},"1":{"loc":{"start":{"line":20,"column":36},"end":{"line":20,"column":64}},"type":"binary-expr","locations":[{"start":{"line":20,"column":36},"end":{"line":20,"column":42}},{"start":{"line":20,"column":46},"end":{"line":20,"column":64}}],"line":20}},"s":{"0":0,"1":0,"2":0,"3":0,"4":0},"f":{"0":0},"b":{"0":[0,0],"1":[0,0]}}
,"/Users/apple/Desktop/Project/TheBankApp/src/components/ViewPager/ViewPager.android.js": {"path":"/Users/apple/Desktop/Project/TheBankApp/src/components/ViewPager/ViewPager.android.js","statementMap":{"0":{"start":{"line":25,"column":29},"end":{"line":25,"column":39}},"1":{"start":{"line":27,"column":4},"end":{"line":40,"column":6}},"2":{"start":{"line":28,"column":6},"end":{"line":39,"column":13}},"3":{"start":{"line":44,"column":29},"end":{"line":44,"column":39}},"4":{"start":{"line":45,"column":18},"end":{"line":45,"column":44}},"5":{"start":{"line":47,"column":4},"end":{"line":47,"column":39}},"6":{"start":{"line":51,"column":29},"end":{"line":51,"column":39}},"7":{"start":{"line":53,"column":4},"end":{"line":74,"column":5}},"8":{"start":{"line":68,"column":12},"end":{"line":68,"column":32}}},"fnMap":{"0":{"name":"(anonymous_0)","decl":{"start":{"line":24,"column":16},"end":{"line":24,"column":17}},"loc":{"start":{"line":24,"column":22},"end":{"line":41,"column":3}},"line":24},"1":{"name":"(anonymous_1)","decl":{"start":{"line":27,"column":21},"end":{"line":27,"column":22}},"loc":{"start":{"line":28,"column":6},"end":{"line":39,"column":13}},"line":28},"2":{"name":"(anonymous_2)","decl":{"start":{"line":43,"column":19},"end":{"line":43,"column":20}},"loc":{"start":{"line":43,"column":30},"end":{"line":48,"column":3}},"line":43},"3":{"name":"(anonymous_3)","decl":{"start":{"line":50,"column":2},"end":{"line":50,"column":3}},"loc":{"start":{"line":50,"column":11},"end":{"line":75,"column":3}},"line":50},"4":{"name":"(anonymous_4)","decl":{"start":{"line":67,"column":15},"end":{"line":67,"column":16}},"loc":{"start":{"line":67,"column":24},"end":{"line":69,"column":11}},"line":67}},"branchMap":{"0":{"loc":{"start":{"line":47,"column":4},"end":{"line":47,"column":39}},"type":"binary-expr","locations":[{"start":{"line":47,"column":4},"end":{"line":47,"column":16}},{"start":{"line":47,"column":20},"end":{"line":47,"column":39}}],"line":47}},"s":{"0":0,"1":0,"2":0,"3":0,"4":0,"5":0,"6":0,"7":0,"8":0},"f":{"0":0,"1":0,"2":0,"3":0,"4":0},"b":{"0":[0,0]}}
,"/Users/apple/Desktop/Project/TheBankApp/src/components/ViewPager/ViewPager.ios.js": {"path":"/Users/apple/Desktop/Project/TheBankApp/src/components/ViewPager/ViewPager.ios.js","statementMap":{"0":{"start":{"line":25,"column":29},"end":{"line":25,"column":39}},"1":{"start":{"line":27,"column":4},"end":{"line":40,"column":6}},"2":{"start":{"line":28,"column":6},"end":{"line":39,"column":13}},"3":{"start":{"line":44,"column":29},"end":{"line":44,"column":39}},"4":{"start":{"line":45,"column":49},"end":{"line":45,"column":66}},"5":{"start":{"line":47,"column":18},"end":{"line":50,"column":5}},"6":{"start":{"line":52,"column":4},"end":{"line":52,"column":39}},"7":{"start":{"line":56,"column":29},"end":{"line":56,"column":39}},"8":{"start":{"line":58,"column":4},"end":{"line":84,"column":5}},"9":{"start":{"line":78,"column":12},"end":{"line":78,"column":33}}},"fnMap":{"0":{"name":"(anonymous_0)","decl":{"start":{"line":24,"column":16},"end":{"line":24,"column":17}},"loc":{"start":{"line":24,"column":22},"end":{"line":41,"column":3}},"line":24},"1":{"name":"(anonymous_1)","decl":{"start":{"line":27,"column":21},"end":{"line":27,"column":22}},"loc":{"start":{"line":28,"column":6},"end":{"line":39,"column":13}},"line":28},"2":{"name":"(anonymous_2)","decl":{"start":{"line":43,"column":13},"end":{"line":43,"column":14}},"loc":{"start":{"line":43,"column":60},"end":{"line":53,"column":3}},"line":43},"3":{"name":"(anonymous_3)","decl":{"start":{"line":55,"column":2},"end":{"line":55,"column":3}},"loc":{"start":{"line":55,"column":11},"end":{"line":85,"column":3}},"line":55},"4":{"name":"(anonymous_4)","decl":{"start":{"line":77,"column":15},"end":{"line":77,"column":16}},"loc":{"start":{"line":77,"column":24},"end":{"line":79,"column":11}},"line":77}},"branchMap":{"0":{"loc":{"start":{"line":52,"column":4},"end":{"line":52,"column":39}},"type":"binary-expr","locations":[{"start":{"line":52,"column":4},"end":{"line":52,"column":16}},{"start":{"line":52,"column":20},"end":{"line":52,"column":39}}],"line":52}},"s":{"0":0,"1":0,"2":0,"3":0,"4":0,"5":0,"6":0,"7":0,"8":0,"9":0},"f":{"0":0,"1":0,"2":0,"3":0,"4":0},"b":{"0":[0,0]}}
,"/Users/apple/Desktop/Project/TheBankApp/src/components/Wallet/WalletInfo.js": {"path":"/Users/apple/Desktop/Project/TheBankApp/src/components/Wallet/WalletInfo.js","statementMap":{"0":{"start":{"line":23,"column":4},"end":{"line":32,"column":5}},"1":{"start":{"line":38,"column":8},"end":{"line":38,"column":18}},"2":{"start":{"line":39,"column":34},"end":{"line":39,"column":40}},"3":{"start":{"line":40,"column":27},"end":{"line":40,"column":47}},"4":{"start":{"line":41,"column":4},"end":{"line":46,"column":5}},"5":{"start":{"line":50,"column":15},"end":{"line":74,"column":2}}},"fnMap":{"0":{"name":"(anonymous_0)","decl":{"start":{"line":22,"column":15},"end":{"line":22,"column":16}},"loc":{"start":{"line":22,"column":74},"end":{"line":33,"column":3}},"line":22},"1":{"name":"(anonymous_1)","decl":{"start":{"line":35,"column":2},"end":{"line":35,"column":3}},"loc":{"start":{"line":35,"column":11},"end":{"line":47,"column":3}},"line":35}},"branchMap":{"0":{"loc":{"start":{"line":29,"column":13},"end":{"line":29,"column":71}},"type":"cond-expr","locations":[{"start":{"line":29,"column":30},"end":{"line":29,"column":64}},{"start":{"line":29,"column":66},"end":{"line":29,"column":71}}],"line":29},"1":{"loc":{"start":{"line":40,"column":27},"end":{"line":40,"column":47}},"type":"binary-expr","locations":[{"start":{"line":40,"column":27},"end":{"line":40,"column":42}},{"start":{"line":40,"column":46},"end":{"line":40,"column":47}}],"line":40}},"s":{"0":0,"1":0,"2":0,"3":0,"4":0,"5":0},"f":{"0":0,"1":0},"b":{"0":[0,0],"1":[0,0]}}
,"/Users/apple/Desktop/Project/TheBankApp/src/containers/App.js": {"path":"/Users/apple/Desktop/Project/TheBankApp/src/containers/App.js","statementMap":{"0":{"start":{"line":18,"column":4},"end":{"line":18,"column":49}},"1":{"start":{"line":22,"column":4},"end":{"line":22,"column":31}},"2":{"start":{"line":23,"column":4},"end":{"line":28,"column":5}},"3":{"start":{"line":24,"column":6},"end":{"line":24,"column":22}},"4":{"start":{"line":26,"column":6},"end":{"line":26,"column":14}},"5":{"start":{"line":27,"column":6},"end":{"line":27,"column":24}},"6":{"start":{"line":29,"column":4},"end":{"line":29,"column":47}},"7":{"start":{"line":30,"column":4},"end":{"line":30,"column":15}},"8":{"start":{"line":33,"column":31},"end":{"line":50,"column":3}},"9":{"start":{"line":53,"column":4},"end":{"line":53,"column":42}},"10":{"start":{"line":54,"column":4},"end":{"line":54,"column":55}},"11":{"start":{"line":54,"column":22},"end":{"line":54,"column":55}},"12":{"start":{"line":55,"column":4},"end":{"line":59,"column":5}},"13":{"start":{"line":63,"column":4},"end":{"line":69,"column":5}}},"fnMap":{"0":{"name":"(anonymous_0)","decl":{"start":{"line":17,"column":2},"end":{"line":17,"column":3}},"loc":{"start":{"line":17,"column":22},"end":{"line":19,"column":3}},"line":17},"1":{"name":"(anonymous_1)","decl":{"start":{"line":21,"column":17},"end":{"line":21,"column":18}},"loc":{"start":{"line":21,"column":29},"end":{"line":31,"column":3}},"line":21},"2":{"name":"(anonymous_2)","decl":{"start":{"line":33,"column":24},"end":{"line":33,"column":25}},"loc":{"start":{"line":33,"column":31},"end":{"line":50,"column":3}},"line":33},"3":{"name":"(anonymous_3)","decl":{"start":{"line":52,"column":18},"end":{"line":52,"column":19}},"loc":{"start":{"line":52,"column":35},"end":{"line":60,"column":3}},"line":52},"4":{"name":"(anonymous_4)","decl":{"start":{"line":62,"column":2},"end":{"line":62,"column":3}},"loc":{"start":{"line":62,"column":11},"end":{"line":70,"column":3}},"line":62}},"branchMap":{"0":{"loc":{"start":{"line":33,"column":31},"end":{"line":50,"column":3}},"type":"cond-expr","locations":[{"start":{"line":33,"column":55},"end":{"line":33,"column":59}},{"start":{"line":34,"column":4},"end":{"line":49,"column":11}}],"line":33},"1":{"loc":{"start":{"line":54,"column":4},"end":{"line":54,"column":55}},"type":"if","locations":[{"start":{"line":54,"column":4},"end":{"line":54,"column":55}},{"start":{"line":54,"column":4},"end":{"line":54,"column":55}}],"line":54}},"s":{"0":0,"1":0,"2":0,"3":0,"4":0,"5":0,"6":0,"7":0,"8":0,"9":0,"10":0,"11":0,"12":0,"13":0},"f":{"0":0,"1":0,"2":0,"3":0,"4":0},"b":{"0":[0,0],"1":[0,0]}}
,"/Users/apple/Desktop/Project/TheBankApp/src/containers/Dashboard.js": {"path":"/Users/apple/Desktop/Project/TheBankApp/src/containers/Dashboard.js","statementMap":{"0":{"start":{"line":15,"column":64},"end":{"line":18,"column":3}},"1":{"start":{"line":17,"column":27},"end":{"line":17,"column":94}},"2":{"start":{"line":23,"column":4},"end":{"line":38,"column":5}},"3":{"start":{"line":42,"column":30},"end":{"line":42,"column":32}}},"fnMap":{"0":{"name":"(anonymous_0)","decl":{"start":{"line":15,"column":29},"end":{"line":15,"column":30}},"loc":{"start":{"line":15,"column":64},"end":{"line":18,"column":3}},"line":15},"1":{"name":"(anonymous_1)","decl":{"start":{"line":17,"column":16},"end":{"line":17,"column":17}},"loc":{"start":{"line":17,"column":27},"end":{"line":17,"column":94}},"line":17},"2":{"name":"(anonymous_2)","decl":{"start":{"line":20,"column":2},"end":{"line":20,"column":3}},"loc":{"start":{"line":20,"column":11},"end":{"line":39,"column":3}},"line":20},"3":{"name":"(anonymous_3)","decl":{"start":{"line":42,"column":23},"end":{"line":42,"column":24}},"loc":{"start":{"line":42,"column":30},"end":{"line":42,"column":32}},"line":42}},"branchMap":{},"s":{"0":0,"1":0,"2":0,"3":0},"f":{"0":0,"1":0,"2":0,"3":0},"b":{}}
,"/Users/apple/Desktop/Project/TheBankApp/src/containers/App/App.js": {"path":"/Users/apple/Desktop/Project/TheBankApp/src/containers/App/App.js","statementMap":{"0":{"start":{"line":21,"column":4},"end":{"line":21,"column":49}},"1":{"start":{"line":30,"column":4},"end":{"line":30,"column":31}},"2":{"start":{"line":31,"column":4},"end":{"line":36,"column":5}},"3":{"start":{"line":32,"column":6},"end":{"line":32,"column":22}},"4":{"start":{"line":34,"column":6},"end":{"line":34,"column":14}},"5":{"start":{"line":35,"column":6},"end":{"line":35,"column":24}},"6":{"start":{"line":37,"column":4},"end":{"line":37,"column":47}},"7":{"start":{"line":38,"column":4},"end":{"line":38,"column":15}},"8":{"start":{"line":41,"column":31},"end":{"line":58,"column":3}},"9":{"start":{"line":61,"column":4},"end":{"line":61,"column":42}},"10":{"start":{"line":62,"column":4},"end":{"line":62,"column":55}},"11":{"start":{"line":62,"column":22},"end":{"line":62,"column":55}},"12":{"start":{"line":63,"column":4},"end":{"line":67,"column":5}},"13":{"start":{"line":71,"column":4},"end":{"line":77,"column":5}}},"fnMap":{"0":{"name":"(anonymous_0)","decl":{"start":{"line":20,"column":2},"end":{"line":20,"column":3}},"loc":{"start":{"line":20,"column":22},"end":{"line":23,"column":3}},"line":20},"1":{"name":"(anonymous_1)","decl":{"start":{"line":25,"column":2},"end":{"line":25,"column":3}},"loc":{"start":{"line":25,"column":25},"end":{"line":27,"column":3}},"line":25},"2":{"name":"(anonymous_2)","decl":{"start":{"line":29,"column":17},"end":{"line":29,"column":18}},"loc":{"start":{"line":29,"column":29},"end":{"line":39,"column":3}},"line":29},"3":{"name":"(anonymous_3)","decl":{"start":{"line":41,"column":24},"end":{"line":41,"column":25}},"loc":{"start":{"line":41,"column":31},"end":{"line":58,"column":3}},"line":41},"4":{"name":"(anonymous_4)","decl":{"start":{"line":60,"column":18},"end":{"line":60,"column":19}},"loc":{"start":{"line":60,"column":35},"end":{"line":68,"column":3}},"line":60},"5":{"name":"(anonymous_5)","decl":{"start":{"line":70,"column":2},"end":{"line":70,"column":3}},"loc":{"start":{"line":70,"column":11},"end":{"line":78,"column":3}},"line":70}},"branchMap":{"0":{"loc":{"start":{"line":41,"column":31},"end":{"line":58,"column":3}},"type":"cond-expr","locations":[{"start":{"line":41,"column":55},"end":{"line":41,"column":59}},{"start":{"line":42,"column":4},"end":{"line":57,"column":11}}],"line":41},"1":{"loc":{"start":{"line":62,"column":4},"end":{"line":62,"column":55}},"type":"if","locations":[{"start":{"line":62,"column":4},"end":{"line":62,"column":55}},{"start":{"line":62,"column":4},"end":{"line":62,"column":55}}],"line":62}},"s":{"0":0,"1":0,"2":0,"3":0,"4":0,"5":0,"6":0,"7":0,"8":0,"9":0,"10":0,"11":0,"12":0,"13":0},"f":{"0":0,"1":0,"2":0,"3":0,"4":0,"5":0},"b":{"0":[0,0],"1":[0,0]}}
[...]
,"/Users/apple/Desktop/Project/TheBankApp/src/utils/errorWithCode.js": {"path":"/Users/apple/Desktop/Project/TheBankApp/src/utils/errorWithCode.js","statementMap":{"0":{"start":{"line":6,"column":4},"end":{"line":6,"column":20}},"1":{"start":{"line":9,"column":4},"end":{"line":11,"column":5}},"2":{"start":{"line":10,"column":6},"end":{"line":10,"column":50}},"3":{"start":{"line":14,"column":4},"end":{"line":14,"column":20}}},"fnMap":{"0":{"name":"(anonymous_0)","decl":{"start":{"line":4,"column":2},"end":{"line":4,"column":3}},"loc":{"start":{"line":4,"column":39},"end":{"line":15,"column":3}},"line":4}},"branchMap":{"0":{"loc":{"start":{"line":9,"column":4},"end":{"line":11,"column":5}},"type":"if","locations":[{"start":{"line":9,"column":4},"end":{"line":11,"column":5}},{"start":{"line":9,"column":4},"end":{"line":11,"column":5}}],"line":9}},"s":{"0":0,"1":0,"2":0,"3":0},"f":{"0":0},"b":{"0":[0,0]}}
,"/Users/apple/Desktop/Project/TheBankApp/src/utils/getDeviceLanguage.js": {"path":"/Users/apple/Desktop/Project/TheBankApp/src/utils/getDeviceLanguage.js","statementMap":{"0":{"start":{"line":5,"column":27},"end":{"line":5,"column":39}},"1":{"start":{"line":7,"column":26},"end":{"line":24,"column":1}},"2":{"start":{"line":8,"column":18},"end":{"line":8,"column":20}},"3":{"start":{"line":10,"column":2},"end":{"line":14,"column":3}},"4":{"start":{"line":11,"column":4},"end":{"line":11,"column":80}},"5":{"start":{"line":12,"column":9},"end":{"line":14,"column":3}},"6":{"start":{"line":13,"column":4},"end":{"line":13,"column":69}},"7":{"start":{"line":16,"column":2},"end":{"line":21,"column":3}},"8":{"start":{"line":16,"column":15},"end":{"line":16,"column":16}},"9":{"start":{"line":17,"column":16},"end":{"line":17,"column":97}},"10":{"start":{"line":17,"column":57},"end":{"line":17,"column":96}},"11":{"start":{"line":18,"column":4},"end":{"line":20,"column":5}},"12":{"start":{"line":19,"column":6},"end":{"line":19,"column":36}},"13":{"start":{"line":23,"column":2},"end":{"line":23,"column":30}}},"fnMap":{"0":{"name":"(anonymous_0)","decl":{"start":{"line":7,"column":26},"end":{"line":7,"column":27}},"loc":{"start":{"line":7,"column":32},"end":{"line":24,"column":1}},"line":7},"1":{"name":"(anonymous_1)","decl":{"start":{"line":17,"column":45},"end":{"line":17,"column":46}},"loc":{"start":{"line":17,"column":57},"end":{"line":17,"column":96}},"line":17}},"branchMap":{"0":{"loc":{"start":{"line":10,"column":2},"end":{"line":14,"column":3}},"type":"if","locations":[{"start":{"line":10,"column":2},"end":{"line":14,"column":3}},{"start":{"line":10,"column":2},"end":{"line":14,"column":3}}],"line":10},"1":{"loc":{"start":{"line":10,"column":6},"end":{"line":10,"column":77}},"type":"binary-expr","locations":[{"start":{"line":10,"column":6},"end":{"line":10,"column":31}},{"start":{"line":10,"column":35},"end":{"line":10,"column":77}}],"line":10},"2":{"loc":{"start":{"line":12,"column":9},"end":{"line":14,"column":3}},"type":"if","locations":[{"start":{"line":12,"column":9},"end":{"line":14,"column":3}},{"start":{"line":12,"column":9},"end":{"line":14,"column":3}}],"line":12},"3":{"loc":{"start":{"line":12,"column":13},"end":{"line":12,"column":91}},"type":"binary-expr","locations":[{"start":{"line":12,"column":13},"end":{"line":12,"column":34}},{"start":{"line":12,"column":38},"end":{"line":12,"column":91}}],"line":12},"4":{"loc":{"start":{"line":18,"column":4},"end":{"line":20,"column":5}},"type":"if","locations":[{"start":{"line":18,"column":4},"end":{"line":20,"column":5}},{"start":{"line":18,"column":4},"end":{"line":20,"column":5}}],"line":18}},"s":{"0":0,"1":0,"2":0,"3":0,"4":0,"5":0,"6":0,"7":0,"8":0,"9":0,"10":0,"11":0,"12":0,"13":0},"f":{"0":0,"1":0},"b":{"0":[0,0],"1":[0,0],"2":[0,0],"3":[0,0],"4":[0,0]}}
,"/Users/apple/Desktop/Project/TheBankApp/src/utils/httpClient.js": {"path":"/Users/apple/Desktop/Project/TheBankApp/src/utils/httpClient.js","statementMap":{"0":{"start":{"line":7,"column":34},"end":{"line":7,"column":38}},"1":{"start":{"line":9,"column":24},"end":{"line":11,"column":1}},"2":{"start":{"line":10,"column":2},"end":{"line":10,"column":22}},"3":{"start":{"line":13,"column":12},"end":{"line":31,"column":2}},"4":{"start":{"line":22,"column":6},"end":{"line":22,"column":60}},"5":{"start":{"line":24,"column":6},"end":{"line":26,"column":7}},"6":{"start":{"line":25,"column":8},"end":{"line":25,"column":19}},"7":{"start":{"line":28,"column":6},"end":{"line":28,"column":33}}},"fnMap":{"0":{"name":"(anonymous_0)","decl":{"start":{"line":9,"column":24},"end":{"line":9,"column":25}},"loc":{"start":{"line":9,"column":50},"end":{"line":11,"column":1}},"line":9},"1":{"name":"(anonymous_1)","decl":{"start":{"line":21,"column":4},"end":{"line":21,"column":5}},"loc":{"start":{"line":21,"column":23},"end":{"line":29,"column":5}},"line":21}},"branchMap":{"0":{"loc":{"start":{"line":22,"column":40},"end":{"line":22,"column":58}},"type":"binary-expr","locations":[{"start":{"line":22,"column":40},"end":{"line":22,"column":52}},{"start":{"line":22,"column":56},"end":{"line":22,"column":58}}],"line":22},"1":{"loc":{"start":{"line":24,"column":6},"end":{"line":26,"column":7}},"type":"if","locations":[{"start":{"line":24,"column":6},"end":{"line":26,"column":7}},{"start":{"line":24,"column":6},"end":{"line":26,"column":7}}],"line":24}},"s":{"0":0,"1":0,"2":0,"3":0,"4":0,"5":0,"6":0,"7":0},"f":{"0":0,"1":0},"b":{"0":[0,0],"1":[0,0]}}
,"/Users/apple/Desktop/Project/TheBankApp/src/utils/i18n.js": {"path":"/Users/apple/Desktop/Project/TheBankApp/src/utils/i18n.js","statementMap":{"0":{"start":{"line":9,"column":25},"end":{"line":15,"column":1}},"1":{"start":{"line":12,"column":16},"end":{"line":12,"column":39}},"2":{"start":{"line":17,"column":24},"end":{"line":39,"column":4}},"3":{"start":{"line":17,"column":30},"end":{"line":39,"column":4}},"4":{"start":{"line":41,"column":30},"end":{"line":41,"column":123}},"5":{"start":{"line":41,"column":100},"end":{"line":41,"column":123}},"6":{"start":{"line":42,"column":28},"end":{"line":42,"column":63}},"7":{"start":{"line":42,"column":34},"end":{"line":42,"column":63}}},"fnMap":{"0":{"name":"(anonymous_0)","decl":{"start":{"line":12,"column":10},"end":{"line":12,"column":11}},"loc":{"start":{"line":12,"column":16},"end":{"line":12,"column":39}},"line":12},"1":{"name":"(anonymous_1)","decl":{"start":{"line":13,"column":8},"end":{"line":13,"column":9}},"loc":{"start":{"line":13,"column":14},"end":{"line":13,"column":16}},"line":13},"2":{"name":"(anonymous_2)","decl":{"start":{"line":14,"column":21},"end":{"line":14,"column":22}},"loc":{"start":{"line":14,"column":27},"end":{"line":14,"column":29}},"line":14},"3":{"name":"(anonymous_3)","decl":{"start":{"line":17,"column":24},"end":{"line":17,"column":25}},"loc":{"start":{"line":17,"column":30},"end":{"line":39,"column":4}},"line":17},"4":{"name":"(anonymous_4)","decl":{"start":{"line":41,"column":30},"end":{"line":41,"column":31}},"loc":{"start":{"line":41,"column":100},"end":{"line":41,"column":123}},"line":41},"5":{"name":"(anonymous_5)","decl":{"start":{"line":42,"column":28},"end":{"line":42,"column":29}},"loc":{"start":{"line":42,"column":34},"end":{"line":42,"column":63}},"line":42}},"branchMap":{},"s":{"0":0,"1":0,"2":0,"3":0,"4":0,"5":0,"6":0,"7":0},"f":{"0":0,"1":0,"2":0,"3":0,"4":0,"5":0},"b":{}}
,"/Users/apple/Desktop/Project/TheBankApp/src/utils/numberFormat.js": {"path":"/Users/apple/Desktop/Project/TheBankApp/src/utils/numberFormat.js","statementMap":{"0":{"start":{"line":3,"column":23},"end":{"line":15,"column":1}},"1":{"start":{"line":4,"column":2},"end":{"line":4,"column":38}},"2":{"start":{"line":4,"column":24},"end":{"line":4,"column":38}},"3":{"start":{"line":5,"column":2},"end":{"line":14,"column":3}},"4":{"start":{"line":7,"column":4},"end":{"line":7,"column":18}},"5":{"start":{"line":8,"column":6},"end":{"line":8,"column":12}},"6":{"start":{"line":10,"column":4},"end":{"line":10,"column":18}},"7":{"start":{"line":11,"column":6},"end":{"line":11,"column":12}},"8":{"start":{"line":13,"column":6},"end":{"line":13,"column":20}},"9":{"start":{"line":17,"column":23},"end":{"line":22,"column":1}},"10":{"start":{"line":18,"column":2},"end":{"line":18,"column":37}},"11":{"start":{"line":18,"column":21},"end":{"line":18,"column":37}},"12":{"start":{"line":19,"column":20},"end":{"line":19,"column":34}},"13":{"start":{"line":20,"column":15},"end":{"line":20,"column":42}},"14":{"start":{"line":21,"column":2},"end":{"line":21,"column":92}}},"fnMap":{"0":{"name":"(anonymous_0)","decl":{"start":{"line":3,"column":23},"end":{"line":3,"column":24}},"loc":{"start":{"line":3,"column":45},"end":{"line":15,"column":1}},"line":3},"1":{"name":"(anonymous_1)","decl":{"start":{"line":17,"column":23},"end":{"line":17,"column":24}},"loc":{"start":{"line":17,"column":43},"end":{"line":22,"column":1}},"line":17}},"branchMap":{"0":{"loc":{"start":{"line":4,"column":2},"end":{"line":4,"column":38}},"type":"if","locations":[{"start":{"line":4,"column":2},"end":{"line":4,"column":38}},{"start":{"line":4,"column":2},"end":{"line":4,"column":38}}],"line":4},"1":{"loc":{"start":{"line":5,"column":2},"end":{"line":14,"column":3}},"type":"switch","locations":[{"start":{"line":6,"column":4},"end":{"line":8,"column":12}},{"start":{"line":9,"column":4},"end":{"line":11,"column":12}},{"start":{"line":12,"column":4},"end":{"line":13,"column":20}}],"line":5},"2":{"loc":{"start":{"line":18,"column":2},"end":{"line":18,"column":37}},"type":"if","locations":[{"start":{"line":18,"column":2},"end":{"line":18,"column":37}},{"start":{"line":18,"column":2},"end":{"line":18,"column":37}}],"line":18}},"s":{"0":0,"1":0,"2":0,"3":0,"4":0,"5":0,"6":0,"7":0,"8":0,"9":0,"10":0,"11":0,"12":0,"13":0,"14":0},"f":{"0":0,"1":0},"b":{"0":[0,0],"1":[0,0,0],"2":[0,0]}}
,"/Users/apple/Desktop/Project/TheBankApp/src/utils/validations/isEmpty.js": {"path":"/Users/apple/Desktop/Project/TheBankApp/src/utils/validations/isEmpty.js","statementMap":{"0":{"start":{"line":3,"column":16},"end":{"line":7,"column":1}},"1":{"start":{"line":4,"column":2},"end":{"line":4,"column":79}},"2":{"start":{"line":4,"column":68},"end":{"line":4,"column":79}},"3":{"start":{"line":6,"column":2},"end":{"line":6,"column":38}}},"fnMap":{"0":{"name":"(anonymous_0)","decl":{"start":{"line":3,"column":16},"end":{"line":3,"column":17}},"loc":{"start":{"line":3,"column":30},"end":{"line":7,"column":1}},"line":3}},"branchMap":{"0":{"loc":{"start":{"line":4,"column":2},"end":{"line":4,"column":79}},"type":"if","locations":[{"start":{"line":4,"column":2},"end":{"line":4,"column":79}},{"start":{"line":4,"column":2},"end":{"line":4,"column":79}}],"line":4},"1":{"loc":{"start":{"line":4,"column":6},"end":{"line":4,"column":66}},"type":"binary-expr","locations":[{"start":{"line":4,"column":6},"end":{"line":4,"column":17}},{"start":{"line":4,"column":22},"end":{"line":4,"column":45}},{"start":{"line":4,"column":49},"end":{"line":4,"column":65}}],"line":4}},"s":{"0":0,"1":0,"2":0,"3":0},"f":{"0":0},"b":{"0":[0,0],"1":[0,0,0]}}
,"/Users/apple/Desktop/Project/TheBankApp/src/utils/validations/isValidDate.js": {"path":"/Users/apple/Desktop/Project/TheBankApp/src/utils/validations/isValidDate.js","statementMap":{"0":{"start":{"line":3,"column":20},"end":{"line":25,"column":1}},"1":{"start":{"line":4,"column":2},"end":{"line":15,"column":3}},"2":{"start":{"line":14,"column":4},"end":{"line":14,"column":16}},"3":{"start":{"line":17,"column":22},"end":{"line":17,"column":70}},"4":{"start":{"line":20,"column":2},"end":{"line":22,"column":3}},"5":{"start":{"line":21,"column":4},"end":{"line":21,"column":23}},"6":{"start":{"line":24,"column":2},"end":{"line":24,"column":47}}},"fnMap":{"0":{"name":"(anonymous_0)","decl":{"start":{"line":3,"column":20},"end":{"line":3,"column":21}},"loc":{"start":{"line":3,"column":94},"end":{"line":25,"column":1}},"line":3}},"branchMap":{"0":{"loc":{"start":{"line":4,"column":2},"end":{"line":15,"column":3}},"type":"if","locations":[{"start":{"line":4,"column":2},"end":{"line":15,"column":3}},{"start":{"line":4,"column":2},"end":{"line":15,"column":3}}],"line":4},"1":{"loc":{"start":{"line":5,"column":4},"end":{"line":12,"column":14}},"type":"binary-expr","locations":[{"start":{"line":5,"column":4},"end":{"line":5,"column":15}},{"start":{"line":6,"column":7},"end":{"line":6,"column":18}},{"start":{"line":7,"column":7},"end":{"line":7,"column":16}},{"start":{"line":8,"column":7},"end":{"line":8,"column":18}},{"start":{"line":9,"column":7},"end":{"line":9,"column":17}},{"start":{"line":10,"column":7},"end":{"line":10,"column":15}},{"start":{"line":11,"column":7},"end":{"line":11,"column":16}},{"start":{"line":12,"column":7},"end":{"line":12,"column":14}}],"line":5},"2":{"loc":{"start":{"line":20,"column":2},"end":{"line":22,"column":3}},"type":"if","locations":[{"start":{"line":20,"column":2},"end":{"line":22,"column":3}},{"start":{"line":20,"column":2},"end":{"line":22,"column":3}}],"line":20},"3":{"loc":{"start":{"line":20,"column":6},"end":{"line":20,"column":62}},"type":"binary-expr","locations":[{"start":{"line":20,"column":6},"end":{"line":20,"column":22}},{"start":{"line":20,"column":27},"end":{"line":20,"column":43}},{"start":{"line":20,"column":47},"end":{"line":20,"column":61}}],"line":20},"4":{"loc":{"start":{"line":24,"column":9},"end":{"line":24,"column":47}},"type":"binary-expr","locations":[{"start":{"line":24,"column":9},"end":{"line":24,"column":17}},{"start":{"line":24,"column":21},"end":{"line":24,"column":47}}],"line":24}},"s":{"0":0,"1":0,"2":0,"3":0,"4":0,"5":0,"6":0},"f":{"0":0},"b":{"0":[0,0],"1":[0,0,0,0,0,0,0,0],"2":[0,0],"3":[0,0,0],"4":[0,0]}}
,"/Users/apple/Desktop/Project/TheBankApp/src/utils/validations/validate.js": {"path":"/Users/apple/Desktop/Project/TheBankApp/src/utils/validations/validate.js","statementMap":{"0":{"start":{"line":14,"column":17},"end":{"line":67,"column":1}},"1":{"start":{"line":15,"column":2},"end":{"line":15,"column":33}},"2":{"start":{"line":15,"column":22},"end":{"line":15,"column":33}},"3":{"start":{"line":17,"column":17},"end":{"line":17,"column":19}},"4":{"start":{"line":19,"column":17},"end":{"line":19,"column":36}},"5":{"start":{"line":20,"column":42},"end":{"line":20,"column":63}},"6":{"start":{"line":22,"column":2},"end":{"line":64,"column":3}},"7":{"start":{"line":22,"column":15},"end":{"line":22,"column":16}},"8":{"start":{"line":23,"column":18},"end":{"line":23,"column":27}},"9":{"start":{"line":24,"column":27},"end":{"line":24,"column":46}},"10":{"start":{"line":25,"column":23},"end":{"line":25,"column":36}},"11":{"start":{"line":27,"column":4},"end":{"line":31,"column":5}},"12":{"start":{"line":28,"column":6},"end":{"line":28,"column":31}},"13":{"start":{"line":30,"column":6},"end":{"line":30,"column":14}},"14":{"start":{"line":33,"column":4},"end":{"line":43,"column":5}},"15":{"start":{"line":40,"column":6},"end":{"line":40,"column":29}},"16":{"start":{"line":42,"column":6},"end":{"line":42,"column":14}},"17":{"start":{"line":45,"column":4},"end":{"line":49,"column":5}},"18":{"start":{"line":46,"column":6},"end":{"line":46,"column":34}},"19":{"start":{"line":48,"column":6},"end":{"line":48,"column":14}},"20":{"start":{"line":51,"column":4},"end":{"line":63,"column":5}},"21":{"start":{"line":52,"column":6},"end":{"line":56,"column":7}},"22":{"start":{"line":53,"column":8},"end":{"line":53,"column":32}},"23":{"start":{"line":55,"column":8},"end":{"line":55,"column":16}},"24":{"start":{"line":58,"column":6},"end":{"line":62,"column":7}},"25":{"start":{"line":59,"column":8},"end":{"line":59,"column":32}},"26":{"start":{"line":61,"column":8},"end":{"line":61,"column":16}},"27":{"start":{"line":66,"column":2},"end":{"line":66,"column":15}}},"fnMap":{"0":{"name":"(anonymous_0)","decl":{"start":{"line":14,"column":17},"end":{"line":14,"column":18}},"loc":{"start":{"line":14,"column":58},"end":{"line":67,"column":1}},"line":14}},"branchMap":{"0":{"loc":{"start":{"line":15,"column":2},"end":{"line":15,"column":33}},"type":"if","locations":[{"start":{"line":15,"column":2},"end":{"line":15,"column":33}},{"start":{"line":15,"column":2},"end":{"line":15,"column":33}}],"line":15},"1":{"loc":{"start":{"line":27,"column":4},"end":{"line":31,"column":5}},"type":"if","locations":[{"start":{"line":27,"column":4},"end":{"line":31,"column":5}},{"start":{"line":27,"column":4},"end":{"line":31,"column":5}}],"line":27},"2":{"loc":{"start":{"line":27,"column":8},"end":{"line":27,"column":88}},"type":"binary-expr","locations":[{"start":{"line":27,"column":8},"end":{"line":27,"column":30}},{"start":{"line":27,"column":35},"end":{"line":27,"column":53}},{"start":{"line":27,"column":57},"end":{"line":27,"column":87}}],"line":27},"3":{"loc":{"start":{"line":33,"column":4},"end":{"line":43,"column":5}},"type":"if","locations":[{"start":{"line":33,"column":4},"end":{"line":43,"column":5}},{"start":{"line":33,"column":4},"end":{"line":43,"column":5}}],"line":33},"4":{"loc":{"start":{"line":34,"column":6},"end":{"line":38,"column":7}},"type":"binary-expr","locations":[{"start":{"line":34,"column":6},"end":{"line":34,"column":26}},{"start":{"line":35,"column":9},"end":{"line":35,"column":27}},{"start":{"line":36,"column":9},"end":{"line":38,"column":7}}],"line":34},"5":{"loc":{"start":{"line":45,"column":4},"end":{"line":49,"column":5}},"type":"if","locations":[{"start":{"line":45,"column":4},"end":{"line":49,"column":5}},{"start":{"line":45,"column":4},"end":{"line":49,"column":5}}],"line":45},"6":{"loc":{"start":{"line":45,"column":8},"end":{"line":45,"column":93}},"type":"binary-expr","locations":[{"start":{"line":45,"column":8},"end":{"line":45,"column":41}},{"start":{"line":45,"column":45},"end":{"line":45,"column":93}}],"line":45},"7":{"loc":{"start":{"line":51,"column":4},"end":{"line":63,"column":5}},"type":"if","locations":[{"start":{"line":51,"column":4},"end":{"line":63,"column":5}},{"start":{"line":51,"column":4},"end":{"line":63,"column":5}}],"line":51},"8":{"loc":{"start":{"line":51,"column":8},"end":{"line":51,"column":93}},"type":"binary-expr","locations":[{"start":{"line":51,"column":8},"end":{"line":51,"column":37}},{"start":{"line":51,"column":41},"end":{"line":51,"column":59}},{"start":{"line":51,"column":63},"end":{"line":51,"column":93}}],"line":51},"9":{"loc":{"start":{"line":52,"column":6},"end":{"line":56,"column":7}},"type":"if","locations":[{"start":{"line":52,"column":6},"end":{"line":56,"column":7}},{"start":{"line":52,"column":6},"end":{"line":56,"column":7}}],"line":52},"10":{"loc":{"start":{"line":52,"column":10},"end":{"line":52,"column":92}},"type":"binary-expr","locations":[{"start":{"line":52,"column":10},"end":{"line":52,"column":43}},{"start":{"line":52,"column":47},"end":{"line":52,"column":92}}],"line":52},"11":{"loc":{"start":{"line":58,"column":6},"end":{"line":62,"column":7}},"type":"if","locations":[{"start":{"line":58,"column":6},"end":{"line":62,"column":7}},{"start":{"line":58,"column":6},"end":{"line":62,"column":7}}],"line":58},"12":{"loc":{"start":{"line":58,"column":10},"end":{"line":58,"column":92}},"type":"binary-expr","locations":[{"start":{"line":58,"column":10},"end":{"line":58,"column":43}},{"start":{"line":58,"column":47},"end":{"line":58,"column":92}}],"line":58}},"s":{"0":0,"1":0,"2":0,"3":0,"4":0,"5":0,"6":0,"7":0,"8":0,"9":0,"10":0,"11":0,"12":0,"13":0,"14":0,"15":0,"16":0,"17":0,"18":0,"19":0,"20":0,"21":0,"22":0,"23":0,"24":0,"25":0,"26":0,"27":0},"f":{"0":0},"b":{"0":[0,0],"1":[0,0],"2":[0,0,0],"3":[0,0],"4":[0,0,0],"5":[0,0],"6":[0,0],"7":[0,0],"8":[0,0,0],"9":[0,0],"10":[0,0],"11":[0,0],"12":[0,0]}}
}
