TN:
SF:/Users/apple/Desktop/Project/TheBankApp/src/csstyles.js
FN:36,(anonymous_0)
FN:37,(anonymous_1)
FNF:2
FNH:0
FNDA:0,(anonymous_0)
FNDA:0,(anonymous_1)
DA:10,0
DA:12,0
DA:35,0
DA:36,0
DA:37,0
DA:40,0
DA:67,0
DA:81,0
DA:83,0
DA:197,0
DA:204,0
LF:11
LH:0
BRDA:25,0,0,0
BRDA:25,0,1,0
BRDA:26,1,0,0
BRDA:26,1,1,0
BRDA:27,2,0,0
BRDA:27,2,1,0
BRDA:28,3,0,0
BRDA:28,3,1,0
BRDA:29,4,0,0
BRDA:29,4,1,0
BRDA:30,5,0,0
BRDA:30,5,1,0
BRF:12
BRH:0
end_of_record
TN:
SF:/Users/apple/Desktop/Project/TheBankApp/src/reduxStore.js
FN:13,(anonymous_0)
FN:31,(anonymous_1)
FN:34,(anonymous_2)
FN:38,(anonymous_3)
FN:40,(anonymous_4)
FNF:5
FNH:0
FNDA:0,(anonymous_0)
FNDA:0,(anonymous_1)
FNDA:0,(anonymous_2)
FNDA:0,(anonymous_3)
FNDA:0,(anonymous_4)
DA:12,0
DA:13,0
DA:18,0
DA:29,0
DA:31,0
DA:32,0
DA:33,0
DA:34,0
DA:35,0
DA:38,0
DA:40,0
LF:11
LH:0
BRF:0
BRH:0
end_of_record
TN:
SF:/Users/apple/Desktop/Project/TheBankApp/src/types.js
FNF:0
FNH:0
LF:0
LH:0
BRF:0
BRH:0
end_of_record
TN:
SF:/Users/apple/Desktop/Project/TheBankApp/src/actions/auth.actions.js
FN:4,(anonymous_0)
FN:14,(anonymous_1)
FNF:2
FNH:0
FNDA:0,(anonymous_0)
FNDA:0,(anonymous_1)
DA:4,0
DA:5,0
DA:6,0
DA:14,0
DA:15,0
DA:16,0
DA:22,0
LF:7
LH:0
BRF:0
BRH:0
end_of_record
TN:
SF:/Users/apple/Desktop/Project/TheBankApp/src/actions/home.actions.js
FN:8,(anonymous_0)
FN:13,(anonymous_1)
FN:20,(anonymous_2)
FNF:3
FNH:0
FNDA:0,(anonymous_0)
FNDA:0,(anonymous_1)
FNDA:0,(anonymous_2)
DA:4,0
DA:5,0
DA:6,0
DA:8,0
DA:13,0
DA:20,0
DA:21,0
LF:7
LH:0
BRF:0
BRH:0
end_of_record
TN:
SF:/Users/apple/Desktop/Project/TheBankApp/src/actions/types.js
FNF:0
FNH:0
LF:0
LH:0
BRF:0
BRH:0
end_of_record
TN:
SF:/Users/apple/Desktop/Project/TheBankApp/src/components/BaseForm/BaseForm.js
FN:58,(anonymous_0)
FN:68,(anonymous_1)
FN:78,(anonymous_2)
FN:83,(anonymous_3)
FN:108,(anonymous_4)
FN:129,(anonymous_5)
FN:134,(anonymous_6)
FN:135,(anonymous_7)
FN:142,(anonymous_8)
FN:143,(anonymous_9)
FN:144,(anonymous_10)
FN:150,(anonymous_11)
FN:157,(anonymous_12)
FN:177,(anonymous_13)
FN:183,(anonymous_14)
FN:202,(anonymous_15)
FN:212,(anonymous_16)
FN:237,(anonymous_17)
FNF:18
FNH:0
FNDA:0,(anonymous_0)
FNDA:0,(anonymous_1)
FNDA:0,(anonymous_2)
FNDA:0,(anonymous_3)
FNDA:0,(anonymous_4)
FNDA:0,(anonymous_5)
FNDA:0,(anonymous_6)
FNDA:0,(anonymous_7)
FNDA:0,(anonymous_8)
FNDA:0,(anonymous_9)
FNDA:0,(anonymous_10)
FNDA:0,(anonymous_11)
FNDA:0,(anonymous_12)
FNDA:0,(anonymous_13)
FNDA:0,(anonymous_14)
FNDA:0,(anonymous_15)
FNDA:0,(anonymous_16)
FNDA:0,(anonymous_17)
DA:59,0
DA:61,0
DA:69,0
DA:70,0
DA:71,0
DA:73,0
DA:74,0
DA:79,0
DA:80,0
DA:84,0
DA:85,0
DA:87,0
DA:89,0
DA:103,0
DA:109,0
DA:110,0
DA:124,0
DA:130,0
DA:135,0
DA:143,0
DA:144,0
DA:151,0
DA:154,0
DA:155,0
DA:156,0
DA:157,0
DA:158,0
DA:168,0
DA:170,0
DA:178,0
DA:184,0
DA:186,0
DA:188,0
DA:203,0
DA:213,0
DA:215,0
DA:216,0
DA:238,0
LF:38
LH:0
BRDA:69,0,0,0
BRDA:69,0,1,0
BRDA:79,1,0,0
BRDA:79,1,1,0
BRDA:80,2,0,0
BRDA:80,2,1,0
BRDA:84,3,0,0
BRDA:84,3,1,0
BRDA:109,4,0,0
BRDA:109,4,1,0
BRDA:136,5,0,0
BRDA:136,5,1,0
BRDA:145,6,0,0
BRDA:145,6,1,0
BRDA:186,7,0,0
BRDA:186,7,1,0
BRDA:205,8,0,0
BRDA:205,8,1,0
BRDA:206,9,0,0
BRDA:206,9,1,0
BRDA:207,10,0,0
BRDA:207,10,1,0
BRDA:215,11,0,0
BRDA:215,11,1,0
BRDA:218,12,0,0
BRDA:218,12,1,0
BRDA:242,13,0,0
BRDA:242,13,1,0
BRF:28
BRH:0
end_of_record
TN:
SF:/Users/apple/Desktop/Project/TheBankApp/src/components/BaseForm/baseFormStyles.js
FNF:0
FNH:0
DA:10,0
DA:12,0
DA:13,0
DA:14,0
DA:15,0
DA:18,0
LF:6
LH:0
BRDA:12,0,0,0
BRDA:12,0,1,0
BRDA:14,1,0,0
BRDA:14,1,1,0
BRF:4
BRH:0
end_of_record
TN:
SF:/Users/apple/Desktop/Project/TheBankApp/src/components/Button/CSBackButton/CSBackButton.js
FN:18,(anonymous_0)
FN:26,(anonymous_1)
FNF:2
FNH:0
FNDA:0,(anonymous_0)
FNDA:0,(anonymous_1)
DA:18,0
DA:19,0
DA:21,0
DA:23,0
DA:26,0
DA:37,0
LF:6
LH:0
BRDA:21,0,0,0
BRDA:21,0,1,0
BRDA:21,1,0,0
BRDA:21,1,1,0
BRDA:26,2,0,0
BRDA:26,2,1,0
BRDA:27,3,0,0
BRDA:27,3,1,0
BRDA:31,4,0,0
BRDA:31,4,1,0
BRF:10
BRH:0
end_of_record
TN:
SF:/Users/apple/Desktop/Project/TheBankApp/src/components/Button/CSButton/CSButton.js
FN:25,(anonymous_0)
FNF:1
FNH:0
FNDA:0,(anonymous_0)
DA:25,0
DA:36,0
DA:37,0
DA:39,0
DA:74,0
LF:5
LH:0
BRDA:44,0,0,0
BRDA:44,0,1,0
BRDA:47,1,0,0
BRDA:47,1,1,0
BRDA:56,2,0,0
BRDA:56,2,1,0
BRDA:56,2,2,0
BRDA:59,3,0,0
BRDA:59,3,1,0
BRDA:63,4,0,0
BRDA:63,4,1,0
BRF:11
BRH:0
end_of_record
TN:
SF:/Users/apple/Desktop/Project/TheBankApp/src/components/Dashboard/Dashboard.js
FN:16,(anonymous_0)
FN:18,(anonymous_1)
FN:21,(anonymous_2)
FNF:3
FNH:0
FNDA:0,(anonymous_0)
FNDA:0,(anonymous_1)
FNDA:0,(anonymous_2)
DA:16,0
DA:18,0
DA:24,0
LF:3
LH:0
BRF:0
BRH:0
end_of_record
TN:
SF:/Users/apple/Desktop/Project/TheBankApp/src/components/DialCodeInput/DialCodeInput.js
FN:28,(anonymous_0)
FN:34,(anonymous_1)
FN:44,(anonymous_2)
FNF:3
FNH:0
FNDA:0,(anonymous_0)
FNDA:0,(anonymous_1)
FNDA:0,(anonymous_2)
DA:29,0
DA:35,0
DA:37,0
DA:41,0
DA:45,0
DA:46,0
DA:48,0
DA:81,0
LF:8
LH:0
BRDA:62,0,0,0
BRDA:62,0,1,0
BRDA:66,1,0,0
BRDA:66,1,1,0
BRDA:67,2,0,0
BRDA:67,2,1,0
BRF:6
BRH:0
end_of_record
TN:
SF:/Users/apple/Desktop/Project/TheBankApp/src/components/DialCodeInput/Picker/DialCodePicker.js
FN:45,(anonymous_0)
FN:51,(anonymous_1)
FN:67,(anonymous_2)
FN:70,(anonymous_3)
FN:76,(anonymous_4)
FN:79,(anonymous_5)
FN:84,(anonymous_6)
FN:89,(anonymous_7)
FN:95,(anonymous_8)
FN:102,(anonymous_9)
FN:103,(anonymous_10)
FN:112,(anonymous_11)
FN:122,(anonymous_12)
FN:140,(anonymous_13)
FN:149,(anonymous_14)
FN:170,(anonymous_15)
FN:201,(anonymous_16)
FNF:17
FNH:0
FNDA:0,(anonymous_0)
FNDA:0,(anonymous_1)
FNDA:0,(anonymous_2)
FNDA:0,(anonymous_3)
FNDA:0,(anonymous_4)
FNDA:0,(anonymous_5)
FNDA:0,(anonymous_6)
FNDA:0,(anonymous_7)
FNDA:0,(anonymous_8)
FNDA:0,(anonymous_9)
FNDA:0,(anonymous_10)
FNDA:0,(anonymous_11)
FNDA:0,(anonymous_12)
FNDA:0,(anonymous_13)
FNDA:0,(anonymous_14)
FNDA:0,(anonymous_15)
FNDA:0,(anonymous_16)
DA:46,0
DA:48,0
DA:52,0
DA:54,0
DA:55,0
DA:56,0
DA:57,0
DA:58,0
DA:60,0
DA:64,0
DA:68,0
DA:70,0
DA:72,0
DA:80,0
DA:85,0
DA:90,0
DA:92,0
DA:96,0
DA:97,0
DA:99,0
DA:103,0
DA:105,0
DA:113,0
DA:123,0
DA:125,0
DA:140,0
DA:150,0
DA:151,0
DA:153,0
DA:171,0
DA:173,0
DA:174,0
DA:184,0
DA:202,0
DA:204,0
DA:217,0
LF:36
LH:0
BRDA:54,0,0,0
BRDA:54,0,1,0
BRDA:55,1,0,0
BRDA:55,1,1,0
BRDA:55,2,0,0
BRDA:55,2,1,0
BRDA:57,3,0,0
BRDA:57,3,1,0
BRDA:57,4,0,0
BRDA:57,4,1,0
BRDA:64,5,0,0
BRDA:64,5,1,0
BRDA:126,6,0,0
BRDA:126,6,1,0
BRDA:127,7,0,0
BRDA:127,7,1,0
BRDA:157,8,0,0
BRDA:157,8,1,0
BRDA:173,9,0,0
BRDA:173,9,1,0
BRDA:207,10,0,0
BRDA:207,10,1,0
BRDA:221,11,0,0
BRDA:221,11,1,0
BRF:24
BRH:0
end_of_record
TN:
SF:/Users/apple/Desktop/Project/TheBankApp/src/components/Hud/Hud.js
FN:37,(anonymous_0)
FN:102,(anonymous_1)
FN:122,(anonymous_2)
FN:124,(anonymous_3)
FNF:4
FNH:0
FNDA:0,(anonymous_0)
FNDA:0,(anonymous_1)
FNDA:0,(anonymous_2)
FNDA:0,(anonymous_3)
DA:50,0
DA:52,0
DA:54,0
DA:62,0
DA:73,0
DA:95,0
DA:103,0
DA:117,0
DA:125,0
DA:127,0
DA:146,0
LF:11
LH:0
BRDA:52,0,0,0
BRDA:52,0,1,0
BRDA:52,0,2,0
BRDA:52,0,3,0
BRDA:52,0,4,0
BRDA:80,1,0,0
BRDA:80,1,1,0
BRDA:99,2,0,0
BRDA:99,2,1,0
BRDA:129,3,0,0
BRDA:129,3,1,0
BRDA:133,4,0,0
BRDA:133,4,1,0
BRF:13
BRH:0
end_of_record
TN:
SF:/Users/apple/Desktop/Project/TheBankApp/src/components/Layout/Row.js
FN:5,(anonymous_0)
FNF:1
FNH:0
FNDA:0,(anonymous_0)
DA:6,0
DA:8,0
DA:12,0
LF:3
LH:0
BRF:0
BRH:0
end_of_record
TN:
SF:/Users/apple/Desktop/Project/TheBankApp/src/components/ListGroup/ListGroup.js
FN:8,(anonymous_0)
FNF:1
FNH:0
FNDA:0,(anonymous_0)
DA:8,0
DA:9,0
LF:2
LH:0
BRF:0
BRH:0
end_of_record
TN:
SF:/Users/apple/Desktop/Project/TheBankApp/src/components/ListGroup/Item/ListGroupItem.js
FN:16,(anonymous_0)
FNF:1
FNH:0
FNDA:0,(anonymous_0)
DA:16,0
DA:17,0
DA:19,0
DA:21,0
DA:22,0
DA:24,0
DA:28,0
DA:40,0
DA:42,0
DA:71,0
LF:10
LH:0
BRDA:19,0,0,0
BRDA:19,0,1,0
BRDA:40,1,0,0
BRDA:40,1,1,0
BRDA:54,2,0,0
BRDA:54,2,1,0
BRDA:63,3,0,0
BRDA:63,3,1,0
BRF:8
BRH:0
end_of_record
TN:
SF:/Users/apple/Desktop/Project/TheBankApp/src/components/ListGroup/Item/ListGroupSelectableItem.js
FN:17,(anonymous_0)
FN:23,(anonymous_1)
FN:29,(anonymous_2)
FNF:3
FNH:0
FNDA:0,(anonymous_0)
FNDA:0,(anonymous_1)
FNDA:0,(anonymous_2)
DA:18,0
DA:20,0
DA:24,0
DA:26,0
DA:30,0
DA:32,0
DA:48,0
LF:7
LH:0
BRDA:40,0,0,0
BRDA:40,0,1,0
BRF:2
BRH:0
end_of_record
TN:
SF:/Users/apple/Desktop/Project/TheBankApp/src/components/Main/Main.js
FN:17,(anonymous_0)
FNF:1
FNH:0
FNDA:0,(anonymous_0)
DA:17,0
DA:22,0
DA:24,0
DA:26,0
DA:27,0
DA:29,0
DA:30,0
DA:32,0
DA:33,0
DA:35,0
DA:36,0
DA:38,0
DA:41,0
DA:51,0
DA:92,0
DA:98,0
LF:16
LH:0
BRDA:24,0,0,0
BRDA:24,0,1,0
BRDA:24,0,2,0
BRDA:24,0,3,0
BRDA:24,0,4,0
BRF:5
BRH:0
end_of_record
TN:
SF:/Users/apple/Desktop/Project/TheBankApp/src/components/NavTitle/NavTitle.js
FN:16,(anonymous_0)
FNF:1
FNH:0
FNDA:0,(anonymous_0)
DA:17,0
DA:19,0
DA:27,0
DA:31,0
LF:4
LH:0
BRDA:21,0,0,0
BRDA:21,0,1,0
BRDA:27,1,0,0
BRDA:27,1,1,0
BRF:4
BRH:0
end_of_record
TN:
SF:/Users/apple/Desktop/Project/TheBankApp/src/components/Photo/Photo.js
FN:29,(anonymous_0)
FN:35,(anonymous_1)
FN:41,(anonymous_2)
FNF:3
FNH:0
FNDA:0,(anonymous_0)
FNDA:0,(anonymous_1)
FNDA:0,(anonymous_2)
DA:30,0
DA:36,0
DA:50,0
DA:51,0
DA:53,0
DA:89,0
LF:6
LH:0
BRDA:57,0,0,0
BRDA:57,0,1,0
BRDA:65,1,0,0
BRDA:65,1,1,0
BRDA:67,2,0,0
BRDA:67,2,1,0
BRDA:79,3,0,0
BRDA:79,3,1,0
BRF:8
BRH:0
end_of_record
TN:
SF:/Users/apple/Desktop/Project/TheBankApp/src/components/Products/MenuItem.js
FN:20,(anonymous_0)
FN:25,(anonymous_1)
FN:36,(anonymous_2)
FN:46,(anonymous_3)
FNF:4
FNH:0
FNDA:0,(anonymous_0)
FNDA:0,(anonymous_1)
FNDA:0,(anonymous_2)
FNDA:0,(anonymous_3)
DA:21,0
DA:22,0
DA:26,0
DA:37,0
DA:47,0
DA:49,0
DA:111,0
LF:7
LH:0
BRF:0
BRH:0
end_of_record
TN:
SF:/Users/apple/Desktop/Project/TheBankApp/src/components/Products/Products.js
FN:37,(anonymous_0)
FN:41,(anonymous_1)
FN:51,(anonymous_2)
FN:59,(anonymous_3)
FN:70,(anonymous_4)
FNF:5
FNH:0
FNDA:0,(anonymous_0)
FNDA:0,(anonymous_1)
FNDA:0,(anonymous_2)
FNDA:0,(anonymous_3)
FNDA:0,(anonymous_4)
DA:42,0
DA:52,0
DA:60,0
DA:61,0
DA:62,0
DA:70,0
DA:80,0
LF:7
LH:0
BRF:0
BRH:0
end_of_record
TN:
SF:/Users/apple/Desktop/Project/TheBankApp/src/components/Root/Root.js
FN:24,(anonymous_0)
FN:28,(anonymous_1)
FN:32,(anonymous_2)
FN:43,(anonymous_3)
FN:50,(anonymous_4)
FNF:5
FNH:0
FNDA:0,(anonymous_0)
FNDA:0,(anonymous_1)
FNDA:0,(anonymous_2)
FNDA:0,(anonymous_3)
FNDA:0,(anonymous_4)
DA:12,0
DA:25,0
DA:29,0
DA:33,0
DA:34,0
DA:35,0
DA:38,0
DA:40,0
DA:44,0
DA:45,0
DA:46,0
DA:50,0
LF:12
LH:0
BRDA:34,0,0,0
BRDA:34,0,1,0
BRF:2
BRH:0
end_of_record
TN:
SF:/Users/apple/Desktop/Project/TheBankApp/src/components/Start/Start.js
FNF:0
FNH:0
DA:10,0
LF:1
LH:0
BRF:0
BRH:0
end_of_record
TN:
SF:/Users/apple/Desktop/Project/TheBankApp/src/components/TabBar/Notification.js
FN:16,(anonymous_0)
FN:22,(anonymous_1)
FN:69,(anonymous_2)
FNF:3
FNH:0
FNDA:0,(anonymous_0)
FNDA:0,(anonymous_1)
FNDA:0,(anonymous_2)
DA:17,0
DA:19,0
DA:23,0
DA:38,0
DA:43,0
DA:47,0
DA:69,0
LF:7
LH:0
BRDA:43,0,0,0
BRDA:43,0,1,0
BRF:2
BRH:0
end_of_record
TN:
SF:/Users/apple/Desktop/Project/TheBankApp/src/components/TabBar/TabBar.js
FN:21,(anonymous_0)
FNF:1
FNH:0
FNDA:0,(anonymous_0)
DA:11,0
DA:21,0
DA:22,0
LF:3
LH:0
BRDA:13,0,0,0
BRDA:13,0,1,0
BRDA:13,1,0,0
BRDA:13,1,1,0
BRDA:15,2,0,0
BRDA:15,2,1,0
BRF:6
BRH:0
end_of_record
TN:
SF:/Users/apple/Desktop/Project/TheBankApp/src/components/TabBar/TabBarIcon.js
FN:7,(anonymous_0)
FNF:1
FNH:0
FNDA:0,(anonymous_0)
DA:7,0
DA:8,0
DA:10,0
LF:3
LH:0
BRF:0
BRH:0
end_of_record
TN:
SF:/Users/apple/Desktop/Project/TheBankApp/src/components/TabBar/UserAvatar.js
FN:16,(anonymous_0)
FN:22,(anonymous_1)
FN:55,(anonymous_2)
FNF:3
FNH:0
FNDA:0,(anonymous_0)
FNDA:0,(anonymous_1)
FNDA:0,(anonymous_2)
DA:17,0
DA:19,0
DA:23,0
DA:37,0
DA:42,0
DA:46,0
DA:55,0
LF:7
LH:0
BRDA:42,0,0,0
BRDA:42,0,1,0
BRF:2
BRH:0
end_of_record
TN:
SF:/Users/apple/Desktop/Project/TheBankApp/src/components/TextField/TextField.js
FN:42,(anonymous_0)
FN:52,(anonymous_1)
FN:56,(anonymous_2)
FN:60,(anonymous_3)
FN:101,(anonymous_4)
FNF:5
FNH:0
FNDA:0,(anonymous_0)
FNDA:0,(anonymous_1)
FNDA:0,(anonymous_2)
FNDA:0,(anonymous_3)
FNDA:0,(anonymous_4)
DA:43,0
DA:45,0
DA:46,0
DA:53,0
DA:57,0
DA:76,0
DA:77,0
DA:79,0
DA:81,0
DA:102,0
DA:118,0
LF:11
LH:0
BRDA:45,0,0,0
BRDA:45,0,1,0
BRDA:53,1,0,0
BRDA:53,1,1,0
BRDA:57,2,0,0
BRDA:57,2,1,0
BRDA:79,3,0,0
BRDA:79,3,1,0
BRDA:91,4,0,0
BRDA:91,4,1,0
BRDA:93,5,0,0
BRDA:93,5,1,0
BRDA:108,6,0,0
BRDA:108,6,1,0
BRF:14
BRH:0
end_of_record
TN:
SF:/Users/apple/Desktop/Project/TheBankApp/src/components/UniversalScreenContainer/UniversalScreenContainer.js
FN:17,(anonymous_0)
FNF:1
FNH:0
FNDA:0,(anonymous_0)
DA:8,0
DA:17,0
DA:18,0
DA:20,0
LF:4
LH:0
BRDA:18,0,0,0
BRDA:18,0,1,0
BRDA:20,1,0,0
BRDA:20,1,1,0
BRF:4
BRH:0
end_of_record
TN:
SF:/Users/apple/Desktop/Project/TheBankApp/src/components/ViewPager/ViewPager.android.js
FN:24,(anonymous_0)
FN:27,(anonymous_1)
FN:43,(anonymous_2)
FN:50,(anonymous_3)
FN:67,(anonymous_4)
FNF:5
FNH:0
FNDA:0,(anonymous_0)
FNDA:0,(anonymous_1)
FNDA:0,(anonymous_2)
FNDA:0,(anonymous_3)
FNDA:0,(anonymous_4)
DA:25,0
DA:27,0
DA:28,0
DA:44,0
DA:45,0
DA:47,0
DA:51,0
DA:53,0
DA:68,0
LF:9
LH:0
BRDA:47,0,0,0
BRDA:47,0,1,0
BRF:2
BRH:0
end_of_record
TN:
SF:/Users/apple/Desktop/Project/TheBankApp/src/components/ViewPager/ViewPager.ios.js
FN:24,(anonymous_0)
FN:27,(anonymous_1)
FN:43,(anonymous_2)
FN:55,(anonymous_3)
FN:77,(anonymous_4)
FNF:5
FNH:0
FNDA:0,(anonymous_0)
FNDA:0,(anonymous_1)
FNDA:0,(anonymous_2)
FNDA:0,(anonymous_3)
FNDA:0,(anonymous_4)
DA:25,0
DA:27,0
DA:28,0
DA:44,0
DA:45,0
DA:47,0
DA:52,0
DA:56,0
DA:58,0
DA:78,0
LF:10
LH:0
BRDA:52,0,0,0
BRDA:52,0,1,0
BRF:2
BRH:0
end_of_record
TN:
SF:/Users/apple/Desktop/Project/TheBankApp/src/components/Wallet/WalletInfo.js
FN:22,(anonymous_0)
FN:35,(anonymous_1)
FNF:2
FNH:0
FNDA:0,(anonymous_0)
FNDA:0,(anonymous_1)
DA:23,0
DA:38,0
DA:39,0
DA:40,0
DA:41,0
DA:50,0
LF:6
LH:0
BRDA:29,0,0,0
BRDA:29,0,1,0
BRDA:40,1,0,0
BRDA:40,1,1,0
BRF:4
BRH:0
end_of_record
TN:
SF:/Users/apple/Desktop/Project/TheBankApp/src/containers/App.js
FN:17,(anonymous_0)
FN:21,(anonymous_1)
FN:33,(anonymous_2)
FN:52,(anonymous_3)
FN:62,(anonymous_4)
FNF:5
FNH:0
FNDA:0,(anonymous_0)
FNDA:0,(anonymous_1)
FNDA:0,(anonymous_2)
FNDA:0,(anonymous_3)
FNDA:0,(anonymous_4)
DA:18,0
DA:22,0
DA:23,0
DA:24,0
DA:26,0
DA:27,0
DA:29,0
DA:30,0
DA:33,0
DA:53,0
DA:54,0
DA:55,0
DA:63,0
LF:13
LH:0
BRDA:33,0,0,0
BRDA:33,0,1,0
BRDA:54,1,0,0
BRDA:54,1,1,0
BRF:4
BRH:0
end_of_record
TN:
SF:/Users/apple/Desktop/Project/TheBankApp/src/containers/Dashboard.js
FN:15,(anonymous_0)
FN:17,(anonymous_1)
FN:20,(anonymous_2)
FN:42,(anonymous_3)
FNF:4
FNH:0
FNDA:0,(anonymous_0)
FNDA:0,(anonymous_1)
FNDA:0,(anonymous_2)
FNDA:0,(anonymous_3)
DA:15,0
DA:17,0
DA:23,0
DA:42,0
LF:4
LH:0
BRF:0
BRH:0
end_of_record
TN:
SF:/Users/apple/Desktop/Project/TheBankApp/src/containers/App/App.js
FN:20,(anonymous_0)
FN:25,(anonymous_1)
FN:29,(anonymous_2)
FN:41,(anonymous_3)
FN:60,(anonymous_4)
FN:70,(anonymous_5)
FNF:6
FNH:0
FNDA:0,(anonymous_0)
FNDA:0,(anonymous_1)
FNDA:0,(anonymous_2)
FNDA:0,(anonymous_3)
FNDA:0,(anonymous_4)
FNDA:0,(anonymous_5)
DA:21,0
DA:30,0
DA:31,0
DA:32,0
DA:34,0
DA:35,0
DA:37,0
DA:38,0
DA:41,0
DA:61,0
DA:62,0
DA:63,0
DA:71,0
LF:13
LH:0
BRDA:41,0,0,0
BRDA:41,0,1,0
BRDA:62,1,0,0
BRDA:62,1,1,0
BRF:4
BRH:0
end_of_record
TN:
SF:/Users/apple/Desktop/Project/TheBankApp/src/containers/Auth/PhoneRegister/PhoneRegister.js
FN:35,(anonymous_0)
FN:47,(anonymous_1)
FN:49,(anonymous_2)
FN:53,(anonymous_3)
FN:61,(anonymous_4)
FN:75,(anonymous_5)
FN:91,(anonymous_6)
FN:109,(anonymous_7)
FN:120,(anonymous_8)
FNF:9
FNH:0
FNDA:0,(anonymous_0)
FNDA:0,(anonymous_1)
FNDA:0,(anonymous_2)
FNDA:0,(anonymous_3)
FNDA:0,(anonymous_4)
FNDA:0,(anonymous_5)
FNDA:0,(anonymous_6)
FNDA:0,(anonymous_7)
FNDA:0,(anonymous_8)
DA:22,0
DA:36,0
DA:47,0
DA:49,0
DA:54,0
DA:56,0
DA:57,0
DA:62,0
DA:63,0
DA:65,0
DA:66,0
DA:67,0
DA:76,0
DA:78,0
DA:79,0
DA:81,0
DA:93,0
DA:94,0
DA:95,0
DA:96,0
DA:97,0
DA:103,0
DA:109,0
DA:120,0
LF:24
LH:0
BRDA:84,0,0,0
BRDA:84,0,1,0
BRDA:86,1,0,0
BRDA:86,1,1,0
BRDA:123,2,0,0
BRDA:123,2,1,0
BRDA:130,3,0,0
BRDA:130,3,1,0
BRF:8
BRH:0
end_of_record
TN:
SF:/Users/apple/Desktop/Project/TheBankApp/src/containers/Auth/PhoneVerify/PhoneVerify.js
FN:29,(anonymous_0)
FN:37,(anonymous_1)
FN:39,(anonymous_2)
FN:48,(anonymous_3)
FN:54,(anonymous_4)
FN:59,(anonymous_5)
FN:84,(anonymous_6)
FN:99,(anonymous_7)
FNF:8
FNH:0
FNDA:0,(anonymous_0)
FNDA:0,(anonymous_1)
FNDA:0,(anonymous_2)
FNDA:0,(anonymous_3)
FNDA:0,(anonymous_4)
FNDA:0,(anonymous_5)
FNDA:0,(anonymous_6)
FNDA:0,(anonymous_7)
DA:22,0
DA:30,0
DA:37,0
DA:40,0
DA:41,0
DA:43,0
DA:49,0
DA:50,0
DA:51,0
DA:55,0
DA:56,0
DA:60,0
DA:62,0
DA:63,0
DA:65,0
DA:67,0
DA:68,0
DA:70,0
DA:71,0
DA:74,0
DA:85,0
DA:86,0
DA:87,0
DA:93,0
DA:99,0
LF:25
LH:0
BRDA:65,0,0,0
BRDA:65,0,1,0
BRDA:77,1,0,0
BRDA:77,1,1,0
BRDA:79,2,0,0
BRDA:79,2,1,0
BRDA:101,3,0,0
BRDA:101,3,1,0
BRDA:107,4,0,0
BRDA:107,4,1,0
BRF:10
BRH:0
end_of_record
TN:
SF:/Users/apple/Desktop/Project/TheBankApp/src/containers/Home/Home.js
FN:22,(anonymous_0)
FN:24,(anonymous_1)
FN:27,(anonymous_2)
FN:31,(anonymous_3)
FN:66,(anonymous_4)
FNF:5
FNH:0
FNDA:0,(anonymous_0)
FNDA:0,(anonymous_1)
FNDA:0,(anonymous_2)
FNDA:0,(anonymous_3)
FNDA:0,(anonymous_4)
DA:22,0
DA:24,0
DA:28,0
DA:32,0
DA:33,0
DA:34,0
DA:35,0
DA:36,0
DA:66,0
DA:67,0
DA:68,0
LF:11
LH:0
BRDA:33,0,0,0
BRDA:33,0,1,0
BRDA:43,1,0,0
BRDA:43,1,1,0
BRDA:43,2,0,0
BRDA:43,2,1,0
BRF:6
BRH:0
end_of_record
TN:
SF:/Users/apple/Desktop/Project/TheBankApp/src/containers/Profile/Profile.js
FN:20,(anonymous_0)
FN:25,(anonymous_1)
FN:52,(anonymous_2)
FNF:3
FNH:0
FNDA:0,(anonymous_0)
FNDA:0,(anonymous_1)
FNDA:0,(anonymous_2)
DA:21,0
DA:22,0
DA:26,0
DA:27,0
DA:28,0
DA:46,0
DA:52,0
LF:7
LH:0
BRF:0
BRH:0
end_of_record
TN:
SF:/Users/apple/Desktop/Project/TheBankApp/src/containers/Profile/ProfileSchema.js
FNF:0
FNH:0
DA:1,0
LF:1
LH:0
BRF:0
BRH:0
end_of_record
TN:
SF:/Users/apple/Desktop/Project/TheBankApp/src/containers/Walkthough/Walkthough.js
FN:16,(anonymous_0)
FN:41,(anonymous_1)
FN:46,(anonymous_2)
FN:61,(anonymous_3)
FN:63,(anonymous_4)
FN:76,(anonymous_5)
FN:87,(anonymous_6)
FNF:7
FNH:0
FNDA:0,(anonymous_0)
FNDA:0,(anonymous_1)
FNDA:0,(anonymous_2)
FNDA:0,(anonymous_3)
FNDA:0,(anonymous_4)
FNDA:0,(anonymous_5)
FNDA:0,(anonymous_6)
DA:16,0
DA:17,0
DA:35,0
DA:42,0
DA:43,0
DA:44,0
DA:47,0
DA:62,0
DA:63,0
DA:70,0
DA:76,0
DA:87,0
DA:96,0
LF:13
LH:0
BRDA:51,0,0,0
BRDA:51,0,1,0
BRDA:53,1,0,0
BRDA:53,1,1,0
BRDA:112,2,0,0
BRDA:112,2,1,0
BRDA:114,3,0,0
BRDA:114,3,1,0
BRDA:115,4,0,0
BRDA:115,4,1,0
BRF:10
BRH:0
end_of_record
TN:
SF:/Users/apple/Desktop/Project/TheBankApp/src/reducers/home.reducer.js
FN:16,(anonymous_0)
FNF:1
FNH:0
FNDA:0,(anonymous_0)
DA:11,0
DA:16,0
DA:17,0
DA:18,0
DA:20,0
DA:23,0
DA:29,0
DA:30,0
DA:31,0
DA:38,0
LF:10
LH:0
BRDA:16,0,0,0
BRDA:18,1,0,0
BRDA:18,1,1,0
BRDA:18,1,2,0
BRDA:18,1,3,0
BRF:5
BRH:0
end_of_record
TN:
SF:/Users/apple/Desktop/Project/TheBankApp/src/reducers/index.js
FNF:0
FNH:0
LF:0
LH:0
BRF:0
BRH:0
end_of_record
TN:
SF:/Users/apple/Desktop/Project/TheBankApp/src/reducers/nav.reducer.js
FN:10,(anonymous_0)
FNF:1
FNH:0
FNDA:0,(anonymous_0)
DA:6,0
DA:10,0
DA:11,0
DA:13,0
DA:14,0
DA:23,0
LF:6
LH:0
BRDA:10,0,0,0
BRDA:11,1,0,0
BRDA:11,1,1,0
BRDA:23,2,0,0
BRDA:23,2,1,0
BRF:5
BRH:0
end_of_record
TN:
SF:/Users/apple/Desktop/Project/TheBankApp/src/sagas/homeSagas.js
FN:6,(anonymous_0)
FN:6,(anonymous_1)
FN:8,handleGetHomeInfo
FN:15,rootSaga
FNF:4
FNH:0
FNDA:0,(anonymous_0)
FNDA:0,(anonymous_1)
FNDA:0,handleGetHomeInfo
FNDA:0,rootSaga
DA:6,0
DA:9,0
DA:10,0
DA:11,0
DA:16,0
LF:5
LH:0
BRF:0
BRH:0
end_of_record
TN:
SF:/Users/apple/Desktop/Project/TheBankApp/src/sagas/index.js
FN:4,rootSaga
FNF:1
FNH:0
FNDA:0,rootSaga
DA:5,0
LF:1
LH:0
BRF:0
BRH:0
end_of_record
TN:
SF:/Users/apple/Desktop/Project/TheBankApp/src/sagas/productSagas.js
FNF:0
FNH:0
LF:0
LH:0
BRF:0
BRH:0
end_of_record
TN:
SF:/Users/apple/Desktop/Project/TheBankApp/src/utils/config.js
FNF:0
FNH:0
DA:3,0
LF:1
LH:0
BRF:0
BRH:0
end_of_record
TN:
SF:/Users/apple/Desktop/Project/TheBankApp/src/utils/deviceHelper.js
FN:4,isIphoneX
FN:14,ifIphoneX
FN:21,getStatusBarHeight
FN:28,getBottomSpace
FN:32,switchDevice
FNF:5
FNH:0
FNDA:0,isIphoneX
FNDA:0,ifIphoneX
FNDA:0,getStatusBarHeight
FNDA:0,getBottomSpace
FNDA:0,switchDevice
DA:5,0
DA:6,0
DA:15,0
DA:16,0
DA:18,0
DA:22,0
DA:29,0
DA:33,0
DA:38,0
DA:39,0
DA:43,0
DA:47,0
DA:51,0
DA:52,0
DA:53,0
DA:54,0
LF:16
LH:0
BRDA:7,0,0,0
BRDA:7,0,1,0
BRDA:7,0,2,0
BRDA:7,0,3,0
BRDA:7,0,4,0
BRDA:7,0,5,0
BRDA:7,0,6,0
BRDA:15,1,0,0
BRDA:15,1,1,0
BRDA:23,2,0,0
BRDA:23,2,1,0
BRDA:29,3,0,0
BRDA:29,3,1,0
BRDA:35,4,0,0
BRDA:35,4,1,0
BRDA:44,5,0,0
BRDA:44,5,1,0
BRF:17
BRH:0
end_of_record
TN:
SF:/Users/apple/Desktop/Project/TheBankApp/src/utils/errorWithCode.js
FN:4,(anonymous_0)
FNF:1
FNH:0
FNDA:0,(anonymous_0)
DA:6,0
DA:9,0
DA:10,0
DA:14,0
LF:4
LH:0
BRDA:9,0,0,0
BRDA:9,0,1,0
BRF:2
BRH:0
end_of_record
TN:
SF:/Users/apple/Desktop/Project/TheBankApp/src/utils/getDeviceLanguage.js
FN:7,(anonymous_0)
FN:17,(anonymous_1)
FNF:2
FNH:0
FNDA:0,(anonymous_0)
FNDA:0,(anonymous_1)
DA:5,0
DA:7,0
DA:8,0
DA:10,0
DA:11,0
DA:12,0
DA:13,0
DA:16,0
DA:17,0
DA:18,0
DA:19,0
DA:23,0
LF:12
LH:0
BRDA:10,0,0,0
BRDA:10,0,1,0
BRDA:10,1,0,0
BRDA:10,1,1,0
BRDA:12,2,0,0
BRDA:12,2,1,0
BRDA:12,3,0,0
BRDA:12,3,1,0
BRDA:18,4,0,0
BRDA:18,4,1,0
BRF:10
BRH:0
end_of_record
TN:
SF:/Users/apple/Desktop/Project/TheBankApp/src/utils/httpClient.js
FN:9,(anonymous_0)
FN:21,(anonymous_1)
FNF:2
FNH:0
FNDA:0,(anonymous_0)
FNDA:0,(anonymous_1)
DA:7,0
DA:9,0
DA:10,0
DA:13,0
DA:22,0
DA:24,0
DA:25,0
DA:28,0
LF:8
LH:0
BRDA:22,0,0,0
BRDA:22,0,1,0
BRDA:24,1,0,0
BRDA:24,1,1,0
BRF:4
BRH:0
end_of_record
TN:
SF:/Users/apple/Desktop/Project/TheBankApp/src/utils/i18n.js
FN:12,(anonymous_0)
FN:13,(anonymous_1)
FN:14,(anonymous_2)
FN:17,(anonymous_3)
FN:41,(anonymous_4)
FN:42,(anonymous_5)
FNF:6
FNH:0
FNDA:0,(anonymous_0)
FNDA:0,(anonymous_1)
FNDA:0,(anonymous_2)
FNDA:0,(anonymous_3)
FNDA:0,(anonymous_4)
FNDA:0,(anonymous_5)
DA:9,0
DA:12,0
DA:17,0
DA:41,0
DA:42,0
LF:5
LH:0
BRF:0
BRH:0
end_of_record
TN:
SF:/Users/apple/Desktop/Project/TheBankApp/src/utils/numberFormat.js
FN:3,(anonymous_0)
FN:17,(anonymous_1)
FNF:2
FNH:0
FNDA:0,(anonymous_0)
FNDA:0,(anonymous_1)
DA:3,0
DA:4,0
DA:5,0
DA:7,0
DA:8,0
DA:10,0
DA:11,0
DA:13,0
DA:17,0
DA:18,0
DA:19,0
DA:20,0
DA:21,0
LF:13
LH:0
BRDA:4,0,0,0
BRDA:4,0,1,0
BRDA:5,1,0,0
BRDA:5,1,1,0
BRDA:5,1,2,0
BRDA:18,2,0,0
BRDA:18,2,1,0
BRF:7
BRH:0
end_of_record
TN:
SF:/Users/apple/Desktop/Project/TheBankApp/src/utils/validations/isEmpty.js
FN:3,(anonymous_0)
FNF:1
FNH:0
FNDA:0,(anonymous_0)
DA:3,0
DA:4,0
DA:6,0
LF:3
LH:0
BRDA:4,0,0,0
BRDA:4,0,1,0
BRDA:4,1,0,0
BRDA:4,1,1,0
BRDA:4,1,2,0
BRF:5
BRH:0
end_of_record
TN:
SF:/Users/apple/Desktop/Project/TheBankApp/src/utils/validations/isValidDate.js
FN:3,(anonymous_0)
FNF:1
FNH:0
FNDA:0,(anonymous_0)
DA:3,0
DA:4,0
DA:14,0
DA:17,0
DA:20,0
DA:21,0
DA:24,0
LF:7
LH:0
BRDA:4,0,0,0
BRDA:4,0,1,0
BRDA:5,1,0,0
BRDA:5,1,1,0
BRDA:5,1,2,0
BRDA:5,1,3,0
BRDA:5,1,4,0
BRDA:5,1,5,0
BRDA:5,1,6,0
BRDA:5,1,7,0
BRDA:20,2,0,0
BRDA:20,2,1,0
BRDA:20,3,0,0
BRDA:20,3,1,0
BRDA:20,3,2,0
BRDA:24,4,0,0
BRDA:24,4,1,0
BRF:17
BRH:0
end_of_record
TN:
SF:/Users/apple/Desktop/Project/TheBankApp/src/utils/validations/validate.js
FN:14,(anonymous_0)
FNF:1
FNH:0
FNDA:0,(anonymous_0)
DA:14,0
DA:15,0
DA:17,0
DA:19,0
DA:20,0
DA:22,0
DA:23,0
DA:24,0
DA:25,0
DA:27,0
DA:28,0
DA:30,0
DA:33,0
DA:40,0
DA:42,0
DA:45,0
DA:46,0
DA:48,0
DA:51,0
DA:52,0
DA:53,0
DA:55,0
DA:58,0
DA:59,0
DA:61,0
DA:66,0
LF:26
LH:0
BRDA:15,0,0,0
BRDA:15,0,1,0
BRDA:27,1,0,0
BRDA:27,1,1,0
BRDA:27,2,0,0
BRDA:27,2,1,0
BRDA:27,2,2,0
BRDA:33,3,0,0
BRDA:33,3,1,0
BRDA:34,4,0,0
BRDA:34,4,1,0
BRDA:34,4,2,0
BRDA:45,5,0,0
BRDA:45,5,1,0
BRDA:45,6,0,0
BRDA:45,6,1,0
BRDA:51,7,0,0
BRDA:51,7,1,0
BRDA:51,8,0,0
BRDA:51,8,1,0
BRDA:51,8,2,0
BRDA:52,9,0,0
BRDA:52,9,1,0
BRDA:52,10,0,0
BRDA:52,10,1,0
BRDA:58,11,0,0
BRDA:58,11,1,0
BRDA:58,12,0,0
BRDA:58,12,1,0
BRF:29
BRH:0
end_of_record
